2016-04-26 18:19:22 11500 [Note] Plugin 'FEDERATED' is disabled.
2016-04-26 18:19:22 11500 [Note] InnoDB: Using atomics to ref count buffer pool pages
2016-04-26 18:19:22 11500 [Note] InnoDB: The InnoDB memory heap is disabled
2016-04-26 18:19:22 11500 [Note] InnoDB: Mutexes and rw_locks use Windows interlocked functions
2016-04-26 18:19:22 11500 [Note] InnoDB: Compressed tables use zlib 1.2.3
2016-04-26 18:19:22 11500 [Note] InnoDB: Not using CPU crc32 instructions
2016-04-26 18:19:22 11500 [Note] InnoDB: Initializing buffer pool, size = 128.0M
2016-04-26 18:19:22 11500 [Note] InnoDB: Completed initialization of buffer pool
2016-04-26 18:19:22 11500 [Note] InnoDB: Highest supported file format is Barracuda.
2016-04-26 18:19:22 11500 [Note] InnoDB: 128 rollback segment(s) are active.
2016-04-26 18:19:22 11500 [Note] InnoDB: Waiting for purge to start
2016-04-26 18:19:22 11500 [Note] InnoDB: 5.6.17 started; log sequence number 1625977
2016-04-26 18:19:22 11500 [Warning] No existing UUID has been found, so we assume that this is the first time that this server has been started. Generating a new UUID: a2ce124d-0bca-11e6-9fbf-18cf5ea7828b.
2016-04-26 18:19:22 11500 [Note] Server hostname (bind-address): '*'; port: 3306
2016-04-26 18:19:22 11500 [Note] IPv6 is available.
2016-04-26 18:19:22 11500 [Note]   - '::' resolves to '::';
2016-04-26 18:19:22 11500 [Note] Server socket created on IP: '::'.
2016-04-26 18:19:22 11500 [Note] Event Scheduler: Loaded 0 events
2016-04-26 18:19:22 11500 [Note] wampmysqld64: ready for connections.
Version: '5.6.17'  socket: ''  port: 3306  MySQL Community Server (GPL)
2016-05-01 19:06:12 11500 [Note] wampmysqld64: Normal shutdown

2016-05-01 19:06:13 11500 [Note] Giving 0 client threads a chance to die gracefully
2016-05-01 19:06:13 11500 [Note] Event Scheduler: Purging the queue. 0 events
2016-05-01 19:06:13 11500 [Note] Shutting down slave threads
2016-05-01 19:06:13 11500 [Note] Forcefully disconnecting 0 remaining clients
2016-05-01 19:06:13 11500 [Note] Binlog end
2016-05-01 19:06:13 11500 [Note] Shutting down plugin 'partition'
2016-05-01 19:06:13 11500 [Note] Shutting down plugin 'PERFORMANCE_SCHEMA'
2016-05-01 19:06:13 11500 [Note] Shutting down plugin 'INNODB_SYS_DATAFILES'
2016-05-01 19:06:13 11500 [Note] Shutting down plugin 'INNODB_SYS_TABLESPACES'
2016-05-01 19:06:13 11500 [Note] Shutting down plugin 'INNODB_SYS_FOREIGN_COLS'
2016-05-01 19:06:13 11500 [Note] Shutting down plugin 'INNODB_SYS_FOREIGN'
2016-05-01 19:06:13 11500 [Note] Shutting down plugin 'INNODB_SYS_FIELDS'
2016-05-01 19:06:13 11500 [Note] Shutting down plugin 'INNODB_SYS_COLUMNS'
2016-05-01 19:06:13 11500 [Note] Shutting down plugin 'INNODB_SYS_INDEXES'
2016-05-01 19:06:13 11500 [Note] Shutting down plugin 'INNODB_SYS_TABLESTATS'
2016-05-01 19:06:13 11500 [Note] Shutting down plugin 'INNODB_SYS_TABLES'
2016-05-01 19:06:13 11500 [Note] Shutting down plugin 'INNODB_FT_INDEX_TABLE'
2016-05-01 19:06:13 11500 [Note] Shutting down plugin 'INNODB_FT_INDEX_CACHE'
2016-05-01 19:06:13 11500 [Note] Shutting down plugin 'INNODB_FT_CONFIG'
2016-05-01 19:06:13 11500 [Note] Shutting down plugin 'INNODB_FT_BEING_DELETED'
2016-05-01 19:06:13 11500 [Note] Shutting down plugin 'INNODB_FT_DELETED'
2016-05-01 19:06:13 11500 [Note] Shutting down plugin 'INNODB_FT_DEFAULT_STOPWORD'
2016-05-01 19:06:13 11500 [Note] Shutting down plugin 'INNODB_METRICS'
2016-05-01 19:06:13 11500 [Note] Shutting down plugin 'INNODB_BUFFER_POOL_STATS'
2016-05-01 19:06:13 11500 [Note] Shutting down plugin 'INNODB_BUFFER_PAGE_LRU'
2016-05-01 19:06:13 11500 [Note] Shutting down plugin 'INNODB_BUFFER_PAGE'
2016-05-01 19:06:13 11500 [Note] Shutting down plugin 'INNODB_CMP_PER_INDEX_RESET'
2016-05-01 19:06:13 11500 [Note] Shutting down plugin 'INNODB_CMP_PER_INDEX'
2016-05-01 19:06:13 11500 [Note] Shutting down plugin 'INNODB_CMPMEM_RESET'
2016-05-01 19:06:13 11500 [Note] Shutting down plugin 'INNODB_CMPMEM'
2016-05-01 19:06:13 11500 [Note] Shutting down plugin 'INNODB_CMP_RESET'
2016-05-01 19:06:13 11500 [Note] Shutting down plugin 'INNODB_CMP'
2016-05-01 19:06:13 11500 [Note] Shutting down plugin 'INNODB_LOCK_WAITS'
2016-05-01 19:06:13 11500 [Note] Shutting down plugin 'INNODB_LOCKS'
2016-05-01 19:06:13 11500 [Note] Shutting down plugin 'INNODB_TRX'
2016-05-01 19:06:13 11500 [Note] Shutting down plugin 'InnoDB'
2016-05-01 19:06:13 11500 [Note] InnoDB: FTS optimize thread exiting.
2016-05-01 19:06:13 11500 [Note] InnoDB: Starting shutdown...
2016-05-01 19:06:15 11500 [Note] InnoDB: Shutdown completed; log sequence number 1625987
2016-05-01 19:06:15 11500 [Note] Shutting down plugin 'BLACKHOLE'
2016-05-01 19:06:15 11500 [Note] Shutting down plugin 'ARCHIVE'
2016-05-01 19:06:15 11500 [Note] Shutting down plugin 'MRG_MYISAM'
2016-05-01 19:06:15 11500 [Note] Shutting down plugin 'MyISAM'
2016-05-01 19:06:15 11500 [Note] Shutting down plugin 'MEMORY'
2016-05-01 19:06:15 11500 [Note] Shutting down plugin 'CSV'
2016-05-01 19:06:15 11500 [Note] Shutting down plugin 'sha256_password'
2016-05-01 19:06:15 11500 [Note] Shutting down plugin 'mysql_old_password'
2016-05-01 19:06:15 11500 [Note] Shutting down plugin 'mysql_native_password'
2016-05-01 19:06:15 11500 [Note] Shutting down plugin 'binlog'
2016-05-01 19:06:15 11500 [Note] wampmysqld64: Shutdown complete

2016-05-01 19:06:18 9688 [Note] Plugin 'FEDERATED' is disabled.
2016-05-01 19:06:18 9688 [Note] InnoDB: Using atomics to ref count buffer pool pages
2016-05-01 19:06:18 9688 [Note] InnoDB: The InnoDB memory heap is disabled
2016-05-01 19:06:18 9688 [Note] InnoDB: Mutexes and rw_locks use Windows interlocked functions
2016-05-01 19:06:18 9688 [Note] InnoDB: Compressed tables use zlib 1.2.3
2016-05-01 19:06:18 9688 [Note] InnoDB: Not using CPU crc32 instructions
2016-05-01 19:06:18 9688 [Note] InnoDB: Initializing buffer pool, size = 128.0M
2016-05-01 19:06:18 9688 [Note] InnoDB: Completed initialization of buffer pool
2016-05-01 19:06:18 9688 [Note] InnoDB: Highest supported file format is Barracuda.
2016-05-01 19:06:18 9688 [Note] InnoDB: 128 rollback segment(s) are active.
2016-05-01 19:06:19 9688 [Note] InnoDB: Waiting for purge to start
2016-05-01 19:06:19 9688 [Note] InnoDB: 5.6.17 started; log sequence number 1625987
2016-05-01 19:06:19 9688 [Note] Server hostname (bind-address): '*'; port: 3306
2016-05-01 19:06:19 9688 [Note] IPv6 is available.
2016-05-01 19:06:19 9688 [Note]   - '::' resolves to '::';
2016-05-01 19:06:19 9688 [Note] Server socket created on IP: '::'.
2016-05-01 19:06:23 9688 [Note] Event Scheduler: Loaded 0 events
2016-05-01 19:06:23 9688 [Note] wampmysqld64: ready for connections.
Version: '5.6.17'  socket: ''  port: 3306  MySQL Community Server (GPL)
2016-05-02 00:08:14 9688 [Note] wampmysqld64: Normal shutdown

2016-05-02 00:08:14 9688 [Note] Giving 0 client threads a chance to die gracefully
2016-05-02 00:08:14 9688 [Note] Event Scheduler: Purging the queue. 0 events
2016-05-02 00:08:14 9688 [Note] Shutting down slave threads
2016-05-02 00:08:14 9688 [Note] Forcefully disconnecting 0 remaining clients
2016-05-02 00:08:14 9688 [Note] Binlog end
2016-05-02 00:08:14 9688 [Note] Shutting down plugin 'partition'
2016-05-02 00:08:14 9688 [Note] Shutting down plugin 'PERFORMANCE_SCHEMA'
2016-05-02 00:08:14 9688 [Note] Shutting down plugin 'INNODB_SYS_DATAFILES'
2016-05-02 00:08:14 9688 [Note] Shutting down plugin 'INNODB_SYS_TABLESPACES'
2016-05-02 00:08:14 9688 [Note] Shutting down plugin 'INNODB_SYS_FOREIGN_COLS'
2016-05-02 00:08:14 9688 [Note] Shutting down plugin 'INNODB_SYS_FOREIGN'
2016-05-02 00:08:14 9688 [Note] Shutting down plugin 'INNODB_SYS_FIELDS'
2016-05-02 00:08:14 9688 [Note] Shutting down plugin 'INNODB_SYS_COLUMNS'
2016-05-02 00:08:14 9688 [Note] Shutting down plugin 'INNODB_SYS_INDEXES'
2016-05-02 00:08:14 9688 [Note] Shutting down plugin 'INNODB_SYS_TABLESTATS'
2016-05-02 00:08:14 9688 [Note] Shutting down plugin 'INNODB_SYS_TABLES'
2016-05-02 00:08:14 9688 [Note] Shutting down plugin 'INNODB_FT_INDEX_TABLE'
2016-05-02 00:08:14 9688 [Note] Shutting down plugin 'INNODB_FT_INDEX_CACHE'
2016-05-02 00:08:14 9688 [Note] Shutting down plugin 'INNODB_FT_CONFIG'
2016-05-02 00:08:14 9688 [Note] Shutting down plugin 'INNODB_FT_BEING_DELETED'
2016-05-02 00:08:14 9688 [Note] Shutting down plugin 'INNODB_FT_DELETED'
2016-05-02 00:08:14 9688 [Note] Shutting down plugin 'INNODB_FT_DEFAULT_STOPWORD'
2016-05-02 00:08:14 9688 [Note] Shutting down plugin 'INNODB_METRICS'
2016-05-02 00:08:14 9688 [Note] Shutting down plugin 'INNODB_BUFFER_POOL_STATS'
2016-05-02 00:08:14 9688 [Note] Shutting down plugin 'INNODB_BUFFER_PAGE_LRU'
2016-05-02 00:08:14 9688 [Note] Shutting down plugin 'INNODB_BUFFER_PAGE'
2016-05-02 00:08:14 9688 [Note] Shutting down plugin 'INNODB_CMP_PER_INDEX_RESET'
2016-05-02 00:08:14 9688 [Note] Shutting down plugin 'INNODB_CMP_PER_INDEX'
2016-05-02 00:08:14 9688 [Note] Shutting down plugin 'INNODB_CMPMEM_RESET'
2016-05-02 00:08:14 9688 [Note] Shutting down plugin 'INNODB_CMPMEM'
2016-05-02 00:08:14 9688 [Note] Shutting down plugin 'INNODB_CMP_RESET'
2016-05-02 00:08:14 9688 [Note] Shutting down plugin 'INNODB_CMP'
2016-05-02 00:08:14 9688 [Note] Shutting down plugin 'INNODB_LOCK_WAITS'
2016-05-02 00:08:14 9688 [Note] Shutting down plugin 'INNODB_LOCKS'
2016-05-02 00:08:14 9688 [Note] Shutting down plugin 'INNODB_TRX'
2016-05-02 00:08:14 9688 [Note] Shutting down plugin 'InnoDB'
2016-05-02 00:08:14 9688 [Note] InnoDB: FTS optimize thread exiting.
2016-05-02 00:08:14 9688 [Note] InnoDB: Starting shutdown...
2016-05-02 00:08:16 9688 [Note] InnoDB: Shutdown completed; log sequence number 1650439
2016-05-02 00:08:16 9688 [Note] Shutting down plugin 'BLACKHOLE'
2016-05-02 00:08:16 9688 [Note] Shutting down plugin 'ARCHIVE'
2016-05-02 00:08:16 9688 [Note] Shutting down plugin 'MRG_MYISAM'
2016-05-02 00:08:16 9688 [Note] Shutting down plugin 'MyISAM'
2016-05-02 00:08:16 9688 [Note] Shutting down plugin 'MEMORY'
2016-05-02 00:08:16 9688 [Note] Shutting down plugin 'CSV'
2016-05-02 00:08:16 9688 [Note] Shutting down plugin 'sha256_password'
2016-05-02 00:08:16 9688 [Note] Shutting down plugin 'mysql_old_password'
2016-05-02 00:08:16 9688 [Note] Shutting down plugin 'mysql_native_password'
2016-05-02 00:08:16 9688 [Note] Shutting down plugin 'binlog'
2016-05-02 00:08:16 9688 [Note] wampmysqld64: Shutdown complete

2016-05-02 16:54:43 4240 [Note] Plugin 'FEDERATED' is disabled.
2016-05-02 16:54:43 4240 [Note] InnoDB: Using atomics to ref count buffer pool pages
2016-05-02 16:54:43 4240 [Note] InnoDB: The InnoDB memory heap is disabled
2016-05-02 16:54:43 4240 [Note] InnoDB: Mutexes and rw_locks use Windows interlocked functions
2016-05-02 16:54:43 4240 [Note] InnoDB: Compressed tables use zlib 1.2.3
2016-05-02 16:54:43 4240 [Note] InnoDB: Not using CPU crc32 instructions
2016-05-02 16:54:43 4240 [Note] InnoDB: Initializing buffer pool, size = 128.0M
2016-05-02 16:54:43 4240 [Note] InnoDB: Completed initialization of buffer pool
2016-05-02 16:54:43 4240 [Note] InnoDB: Highest supported file format is Barracuda.
2016-05-02 16:54:43 4240 [Note] InnoDB: 128 rollback segment(s) are active.
2016-05-02 16:54:44 4240 [Note] InnoDB: Waiting for purge to start
2016-05-02 16:54:44 4240 [Note] InnoDB: 5.6.17 started; log sequence number 1650439
2016-05-02 16:54:44 4240 [Note] Server hostname (bind-address): '*'; port: 3306
2016-05-02 16:54:44 4240 [Note] IPv6 is available.
2016-05-02 16:54:44 4240 [Note]   - '::' resolves to '::';
2016-05-02 16:54:44 4240 [Note] Server socket created on IP: '::'.
2016-05-02 16:54:44 4240 [Note] Event Scheduler: Loaded 0 events
2016-05-02 16:54:44 4240 [Note] wampmysqld64: ready for connections.
Version: '5.6.17'  socket: ''  port: 3306  MySQL Community Server (GPL)
