::1 - - [26/Apr/2016:18:19:51 +0200] "GET / HTTP/1.1" 200 4882
::1 - - [26/Apr/2016:18:19:51 +0200] "GET /index.php?img=gifLogo HTTP/1.1" 200 4549
::1 - - [26/Apr/2016:18:19:51 +0200] "GET /index.php?img=pngPlugin HTTP/1.1" 200 548
::1 - - [26/Apr/2016:18:19:52 +0200] "GET /index.php?img=pngFolderGo HTTP/1.1" 200 694
::1 - - [26/Apr/2016:18:19:52 +0200] "GET /index.php?img=pngWrench HTTP/1.1" 200 741
::1 - - [26/Apr/2016:18:20:15 +0200] "GET / HTTP/1.1" 200 4821
::1 - - [26/Apr/2016:18:20:15 +0200] "GET /index.php?img=pngFolderGo HTTP/1.1" 200 694
::1 - - [26/Apr/2016:18:20:15 +0200] "GET /index.php?img=gifLogo HTTP/1.1" 200 4549
::1 - - [26/Apr/2016:18:20:15 +0200] "GET /index.php?img=pngPlugin HTTP/1.1" 200 548
::1 - - [26/Apr/2016:18:20:15 +0200] "GET /index.php?img=pngWrench HTTP/1.1" 200 741
::1 - - [26/Apr/2016:18:20:15 +0200] "GET /index.php?img=pngFolder HTTP/1.1" 200 850
::1 - - [26/Apr/2016:18:20:15 +0200] "GET /index.php?img=favicon HTTP/1.1" 200 1429
::1 - - [26/Apr/2016:18:21:06 +0200] "GET /tests/ HTTP/1.1" 200 752
::1 - - [26/Apr/2016:18:21:07 +0200] "GET /icons/blank.gif HTTP/1.1" 403 301
::1 - - [26/Apr/2016:18:21:07 +0200] "GET /icons/back.gif HTTP/1.1" 403 300
::1 - - [26/Apr/2016:19:36:47 +0200] "GET / HTTP/1.1" 200 4821
::1 - - [26/Apr/2016:19:36:47 +0200] "GET /index.php?img=gifLogo HTTP/1.1" 200 4549
::1 - - [26/Apr/2016:19:36:47 +0200] "GET /index.php?img=pngPlugin HTTP/1.1" 200 548
::1 - - [26/Apr/2016:19:36:47 +0200] "GET /index.php?img=pngWrench HTTP/1.1" 200 741
::1 - - [26/Apr/2016:19:36:47 +0200] "GET /index.php?img=pngFolder HTTP/1.1" 200 850
::1 - - [26/Apr/2016:19:36:47 +0200] "GET /index.php?img=pngFolderGo HTTP/1.1" 200 694
::1 - - [26/Apr/2016:19:52:51 +0200] "GET / HTTP/1.1" 200 4821
::1 - - [26/Apr/2016:19:52:51 +0200] "GET /index.php?img=pngPlugin HTTP/1.1" 200 548
::1 - - [26/Apr/2016:19:52:51 +0200] "GET /index.php?img=gifLogo HTTP/1.1" 200 4549
::1 - - [26/Apr/2016:19:52:51 +0200] "GET /index.php?img=pngFolderGo HTTP/1.1" 200 694
::1 - - [26/Apr/2016:19:52:51 +0200] "GET /index.php?img=pngFolder HTTP/1.1" 200 850
::1 - - [26/Apr/2016:19:52:51 +0200] "GET /index.php?img=pngWrench HTTP/1.1" 200 741
::1 - - [26/Apr/2016:20:10:55 +0200] "GET /tests/ HTTP/1.1" 200 2030
::1 - - [26/Apr/2016:20:10:55 +0200] "GET /icons/back.gif HTTP/1.1" 403 300
::1 - - [26/Apr/2016:20:10:55 +0200] "GET /icons/blank.gif HTTP/1.1" 403 301
::1 - - [26/Apr/2016:20:10:55 +0200] "GET /icons/text.gif HTTP/1.1" 403 300
::1 - - [26/Apr/2016:20:10:55 +0200] "GET /icons/folder.gif HTTP/1.1" 403 302
::1 - - [26/Apr/2016:20:10:55 +0200] "GET /favicon.ico HTTP/1.1" 200 202575
::1 - - [26/Apr/2016:20:10:59 +0200] "GET /tests/Formulaire.html HTTP/1.1" 200 4887
::1 - - [26/Apr/2016:20:10:59 +0200] "GET /tests/styles/FlexGrid.css HTTP/1.1" 200 1247
::1 - - [26/Apr/2016:20:10:59 +0200] "GET /tests/images/corps-bas.jpg HTTP/1.1" 200 622
::1 - - [26/Apr/2016:20:10:59 +0200] "GET /tests/images/corps-milieu.jpg HTTP/1.1" 200 277
::1 - - [26/Apr/2016:20:10:59 +0200] "GET /tests/images/menu.jpg HTTP/1.1" 200 51048
::1 - - [26/Apr/2016:20:10:59 +0200] "GET /tests/images/header.jpg HTTP/1.1" 200 470726
::1 - - [26/Apr/2016:20:12:06 +0200] "GET / HTTP/1.1" 200 4821
::1 - - [26/Apr/2016:20:12:06 +0200] "GET /index.php?img=gifLogo HTTP/1.1" 200 4549
::1 - - [26/Apr/2016:20:12:06 +0200] "GET /index.php?img=pngPlugin HTTP/1.1" 200 548
::1 - - [26/Apr/2016:20:12:06 +0200] "GET /index.php?img=pngFolderGo HTTP/1.1" 200 694
::1 - - [26/Apr/2016:20:12:06 +0200] "GET /index.php?img=pngFolder HTTP/1.1" 200 850
::1 - - [26/Apr/2016:20:12:07 +0200] "GET /index.php?img=pngWrench HTTP/1.1" 200 741
::1 - - [26/Apr/2016:20:12:19 +0200] "GET /tests/ HTTP/1.1" 200 2032
::1 - - [26/Apr/2016:20:12:19 +0200] "GET /icons/blank.gif HTTP/1.1" 403 301
::1 - - [26/Apr/2016:20:12:19 +0200] "GET /icons/back.gif HTTP/1.1" 403 300
::1 - - [26/Apr/2016:20:12:19 +0200] "GET /icons/text.gif HTTP/1.1" 403 300
::1 - - [26/Apr/2016:20:12:19 +0200] "GET /icons/unknown.gif HTTP/1.1" 403 303
::1 - - [26/Apr/2016:20:12:19 +0200] "GET /icons/folder.gif HTTP/1.1" 403 302
::1 - - [26/Apr/2016:20:12:24 +0200] "GET /tests/Formulaire.php HTTP/1.1" 200 4887
::1 - - [26/Apr/2016:20:13:08 +0200] "GET /tests/FlexGrid.html HTTP/1.1" 404 301
::1 - - [26/Apr/2016:20:14:10 +0200] "GET / HTTP/1.1" 200 4821
::1 - - [26/Apr/2016:20:14:10 +0200] "GET /index.php?img=gifLogo HTTP/1.1" 200 4549
::1 - - [26/Apr/2016:20:14:10 +0200] "GET /index.php?img=pngPlugin HTTP/1.1" 200 548
::1 - - [26/Apr/2016:20:14:10 +0200] "GET /index.php?img=pngWrench HTTP/1.1" 200 741
::1 - - [26/Apr/2016:20:14:10 +0200] "GET /index.php?img=pngFolder HTTP/1.1" 200 850
::1 - - [26/Apr/2016:20:14:10 +0200] "GET /index.php?img=pngFolderGo HTTP/1.1" 200 694
::1 - - [26/Apr/2016:20:14:19 +0200] "GET /tests/ HTTP/1.1" 200 2038
::1 - - [26/Apr/2016:20:14:19 +0200] "GET /icons/blank.gif HTTP/1.1" 403 301
::1 - - [26/Apr/2016:20:14:19 +0200] "GET /icons/back.gif HTTP/1.1" 403 300
::1 - - [26/Apr/2016:20:14:19 +0200] "GET /icons/unknown.gif HTTP/1.1" 403 303
::1 - - [26/Apr/2016:20:14:19 +0200] "GET /icons/folder.gif HTTP/1.1" 403 302
::1 - - [26/Apr/2016:20:14:24 +0200] "GET /tests/Formulaire.php HTTP/1.1" 200 4887
::1 - - [26/Apr/2016:20:14:26 +0200] "GET /tests/FlexGrid.html HTTP/1.1" 404 301
::1 - - [26/Apr/2016:20:14:34 +0200] "GET /tests/News.php HTTP/1.1" 200 1120
::1 - - [26/Apr/2016:20:14:34 +0200] "GET /tests/images/Voiture.jpg HTTP/1.1" 200 176642
::1 - - [26/Apr/2016:20:14:34 +0200] "GET /tests/images/PremiereMap.jpg HTTP/1.1" 200 184197
::1 - - [26/Apr/2016:20:14:34 +0200] "GET /tests/images/SecondeMap.jpg HTTP/1.1" 200 168060
::1 - - [26/Apr/2016:20:14:37 +0200] "GET /tests/FlexGrid.php HTTP/1.1" 200 1444
::1 - - [26/Apr/2016:20:14:39 +0200] "GET /tests/Formulaire.html HTTP/1.1" 404 303
::1 - - [26/Apr/2016:20:15:56 +0200] "GET /tests/ HTTP/1.1" 200 2038
::1 - - [26/Apr/2016:20:15:56 +0200] "GET /icons/blank.gif HTTP/1.1" 403 301
::1 - - [26/Apr/2016:20:15:56 +0200] "GET /icons/back.gif HTTP/1.1" 403 300
::1 - - [26/Apr/2016:20:15:56 +0200] "GET /icons/unknown.gif HTTP/1.1" 403 303
::1 - - [26/Apr/2016:20:15:56 +0200] "GET /icons/folder.gif HTTP/1.1" 403 302
::1 - - [26/Apr/2016:20:16:05 +0200] "GET /tests/CarnetDeBord.php HTTP/1.1" 200 2021
::1 - - [26/Apr/2016:20:16:08 +0200] "GET /tests/FlexGrid.php HTTP/1.1" 200 1440
::1 - - [26/Apr/2016:20:16:09 +0200] "GET /tests/Formulaire.php HTTP/1.1" 200 4886
::1 - - [26/Apr/2016:20:16:11 +0200] "GET /tests/FlexGrid.php HTTP/1.1" 200 1440
::1 - - [26/Apr/2016:20:16:13 +0200] "GET /tests/FlexGrid.php HTTP/1.1" 200 1440
::1 - - [26/Apr/2016:20:16:15 +0200] "GET /tests/News.php HTTP/1.1" 200 1120
::1 - - [26/Apr/2016:20:16:17 +0200] "GET /tests/FlexGrid.php HTTP/1.1" 200 1440
::1 - - [26/Apr/2016:20:16:20 +0200] "GET /tests/CarnetDeBord.php HTTP/1.1" 200 2021
::1 - - [26/Apr/2016:20:16:21 +0200] "GET /tests/FlexGrid.php HTTP/1.1" 200 1440
::1 - - [26/Apr/2016:20:16:25 +0200] "GET /tests/Formulaire.php HTTP/1.1" 200 4886
::1 - - [26/Apr/2016:20:16:27 +0200] "GET /tests/FlexGrid.php HTTP/1.1" 200 1440
::1 - - [26/Apr/2016:20:16:46 +0200] "GET /tests/Formulaire.php HTTP/1.1" 200 4886
::1 - - [26/Apr/2016:20:16:56 +0200] "GET /tests/FlexGrid.php HTTP/1.1" 200 1440
::1 - - [26/Apr/2016:20:17:19 +0200] "GET /tests/Formulaire.php HTTP/1.1" 200 4886
::1 - - [26/Apr/2016:20:17:20 +0200] "GET /tests/FlexGrid.php HTTP/1.1" 200 1440
::1 - - [26/Apr/2016:20:17:21 +0200] "GET /tests/News.php HTTP/1.1" 200 1120
::1 - - [26/Apr/2016:20:17:22 +0200] "GET /tests/FlexGrid.php HTTP/1.1" 200 1440
::1 - - [26/Apr/2016:20:17:23 +0200] "GET /tests/CarnetDeBord.php HTTP/1.1" 200 2021
::1 - - [26/Apr/2016:20:17:25 +0200] "GET /tests/FlexGrid.php HTTP/1.1" 200 1440
::1 - - [26/Apr/2016:21:15:08 +0200] "GET /tests/Formulaire.php HTTP/1.1" 200 4886
::1 - - [26/Apr/2016:21:15:28 +0200] "POST /tests/traitement.php HTTP/1.1" 200 -
::1 - - [26/Apr/2016:21:15:45 +0200] "GET /tests/Formulaire.php HTTP/1.1" 200 4886
::1 - - [26/Apr/2016:21:15:46 +0200] "GET /tests/styles/FlexGrid.css HTTP/1.1" 304 -
::1 - - [26/Apr/2016:21:15:46 +0200] "GET /favicon.ico HTTP/1.1" 200 202575
::1 - - [27/Apr/2016:11:07:10 +0200] "POST /tests/traitement.php HTTP/1.1" 200 626
::1 - - [27/Apr/2016:11:07:10 +0200] "GET /tests/styles/FlexGrid.css HTTP/1.1" 304 -
::1 - - [27/Apr/2016:11:07:21 +0200] "GET /tests/FlexGrid.php HTTP/1.1" 200 1440
::1 - - [27/Apr/2016:11:07:24 +0200] "GET /tests/Formulaire.php HTTP/1.1" 200 4886
::1 - - [27/Apr/2016:11:21:15 +0200] "POST /tests/traitement.php HTTP/1.1" 200 675
::1 - - [27/Apr/2016:11:21:35 +0200] "GET /tests/FlexGrid.php HTTP/1.1" 200 1440
::1 - - [27/Apr/2016:11:21:37 +0200] "GET /tests/Formulaire.php HTTP/1.1" 200 4886
::1 - - [27/Apr/2016:11:22:37 +0200] "POST /tests/traitement.php HTTP/1.1" 200 668
::1 - - [27/Apr/2016:11:22:46 +0200] "GET /tests/FlexGrid.php HTTP/1.1" 200 1440
::1 - - [27/Apr/2016:11:22:47 +0200] "GET /tests/Formulaire.php HTTP/1.1" 200 4886
::1 - - [27/Apr/2016:11:28:45 +0200] "POST /tests/traitement.php HTTP/1.1" 200 1099
::1 - - [27/Apr/2016:11:30:15 +0200] "POST /tests/traitement.php HTTP/1.1" 200 1006
::1 - - [27/Apr/2016:11:30:15 +0200] "GET /tests/styles/FlexGrid.css HTTP/1.1" 304 -
::1 - - [27/Apr/2016:11:30:15 +0200] "GET /favicon.ico HTTP/1.1" 200 202575
::1 - - [27/Apr/2016:11:30:59 +0200] "POST /tests/traitement.php HTTP/1.1" 200 999
::1 - - [27/Apr/2016:11:30:59 +0200] "GET /tests/styles/FlexGrid.css HTTP/1.1" 304 -
::1 - - [27/Apr/2016:11:31:00 +0200] "GET /favicon.ico HTTP/1.1" 200 202575
::1 - - [27/Apr/2016:11:31:51 +0200] "POST /tests/traitement.php HTTP/1.1" 200 1028
::1 - - [27/Apr/2016:11:31:51 +0200] "GET /tests/styles/FlexGrid.css HTTP/1.1" 304 -
::1 - - [27/Apr/2016:11:31:51 +0200] "GET /favicon.ico HTTP/1.1" 200 202575
::1 - - [27/Apr/2016:11:32:58 +0200] "POST /tests/traitement.php HTTP/1.1" 200 1055
::1 - - [27/Apr/2016:11:32:59 +0200] "GET /tests/styles/FlexGrid.css HTTP/1.1" 304 -
::1 - - [27/Apr/2016:11:32:59 +0200] "GET /favicon.ico HTTP/1.1" 200 202575
::1 - - [27/Apr/2016:11:34:14 +0200] "POST /tests/traitement.php HTTP/1.1" 200 1028
::1 - - [27/Apr/2016:11:34:14 +0200] "GET /tests/styles/FlexGrid.css HTTP/1.1" 200 1286
::1 - - [27/Apr/2016:11:34:14 +0200] "GET /favicon.ico HTTP/1.1" 200 202575
::1 - - [27/Apr/2016:11:34:14 +0200] "GET /tests/images/header.jpg HTTP/1.1" 304 -
::1 - - [27/Apr/2016:11:34:14 +0200] "GET /tests/images/corps-bas.jpg HTTP/1.1" 304 -
::1 - - [27/Apr/2016:11:34:14 +0200] "GET /tests/images/corps-milieu.jpg HTTP/1.1" 304 -
::1 - - [27/Apr/2016:11:34:14 +0200] "GET /tests/images/menu.jpg HTTP/1.1" 304 -
::1 - - [27/Apr/2016:11:38:59 +0200] "POST /tests/traitement.php HTTP/1.1" 404 302
::1 - - [27/Apr/2016:11:38:59 +0200] "GET /favicon.ico HTTP/1.1" 200 202575
::1 - - [27/Apr/2016:11:39:22 +0200] "POST /tests/traitement.php HTTP/1.1" 404 302
::1 - - [27/Apr/2016:11:41:07 +0200] "GET /tests/FlexGrid.php HTTP/1.1" 200 1440
::1 - - [27/Apr/2016:11:41:07 +0200] "GET /tests/styles/FlexGrid.css HTTP/1.1" 304 -
::1 - - [27/Apr/2016:11:41:08 +0200] "GET /tests/Formulaire.php HTTP/1.1" 200 4886
::1 - - [27/Apr/2016:11:41:27 +0200] "POST /tests/Connection.php HTTP/1.1" 200 1132
::1 - - [27/Apr/2016:11:43:04 +0200] "POST /tests/Connection.php HTTP/1.1" 200 1158
::1 - - [27/Apr/2016:11:43:05 +0200] "GET /tests/styles/FlexGrid.css HTTP/1.1" 304 -
::1 - - [27/Apr/2016:11:43:43 +0200] "POST /tests/Connection.php HTTP/1.1" 200 1173
::1 - - [27/Apr/2016:11:43:43 +0200] "GET /tests/styles/FlexGrid.css HTTP/1.1" 304 -
::1 - - [27/Apr/2016:11:43:44 +0200] "GET /favicon.ico HTTP/1.1" 200 202575
::1 - - [27/Apr/2016:11:44:09 +0200] "POST /tests/Connection.php HTTP/1.1" 200 1166
::1 - - [27/Apr/2016:11:44:09 +0200] "GET /tests/styles/FlexGrid.css HTTP/1.1" 304 -
::1 - - [27/Apr/2016:11:44:09 +0200] "GET /favicon.ico HTTP/1.1" 200 202575
::1 - - [27/Apr/2016:11:44:22 +0200] "POST /tests/Connection.php HTTP/1.1" 200 1171
::1 - - [27/Apr/2016:11:44:22 +0200] "GET /tests/styles/FlexGrid.css HTTP/1.1" 304 -
::1 - - [27/Apr/2016:11:44:22 +0200] "GET /favicon.ico HTTP/1.1" 200 202575
::1 - - [27/Apr/2016:11:45:46 +0200] "POST /tests/Connection.php HTTP/1.1" 200 1189
::1 - - [27/Apr/2016:11:45:47 +0200] "GET /tests/styles/FlexGrid.css HTTP/1.1" 304 -
::1 - - [27/Apr/2016:11:45:47 +0200] "GET /favicon.ico HTTP/1.1" 200 202575
::1 - - [27/Apr/2016:11:46:11 +0200] "POST /tests/Connection.php HTTP/1.1" 200 1193
::1 - - [27/Apr/2016:11:46:11 +0200] "GET /tests/styles/FlexGrid.css HTTP/1.1" 304 -
::1 - - [27/Apr/2016:11:46:11 +0200] "GET /favicon.ico HTTP/1.1" 200 202575
::1 - - [27/Apr/2016:11:46:23 +0200] "POST /tests/Connection.php HTTP/1.1" 200 1159
::1 - - [27/Apr/2016:11:46:23 +0200] "GET /tests/styles/FlexGrid.css HTTP/1.1" 304 -
::1 - - [27/Apr/2016:11:46:23 +0200] "GET /favicon.ico HTTP/1.1" 200 202575
::1 - - [27/Apr/2016:11:46:54 +0200] "POST /tests/Connection.php HTTP/1.1" 200 1180
::1 - - [27/Apr/2016:11:46:55 +0200] "GET /tests/styles/FlexGrid.css HTTP/1.1" 304 -
::1 - - [27/Apr/2016:11:46:55 +0200] "GET /favicon.ico HTTP/1.1" 200 202575
::1 - - [27/Apr/2016:11:47:50 +0200] "POST /tests/Connection.php HTTP/1.1" 200 1210
::1 - - [27/Apr/2016:11:47:50 +0200] "GET /tests/styles/FlexGrid.css HTTP/1.1" 304 -
::1 - - [27/Apr/2016:11:47:50 +0200] "GET /favicon.ico HTTP/1.1" 200 202575
::1 - - [27/Apr/2016:11:49:20 +0200] "POST /tests/Connection.php HTTP/1.1" 200 1216
::1 - - [27/Apr/2016:11:49:20 +0200] "GET /tests/styles/FlexGrid.css HTTP/1.1" 304 -
::1 - - [27/Apr/2016:11:49:20 +0200] "GET /favicon.ico HTTP/1.1" 200 202575
::1 - - [27/Apr/2016:11:49:48 +0200] "POST /tests/Connection.php HTTP/1.1" 200 1207
::1 - - [27/Apr/2016:11:49:48 +0200] "GET /tests/styles/FlexGrid.css HTTP/1.1" 304 -
::1 - - [27/Apr/2016:11:49:49 +0200] "GET /favicon.ico HTTP/1.1" 200 202575
::1 - - [27/Apr/2016:11:50:15 +0200] "POST /tests/Connection.php HTTP/1.1" 200 1231
::1 - - [27/Apr/2016:11:50:16 +0200] "GET /tests/styles/FlexGrid.css HTTP/1.1" 304 -
::1 - - [27/Apr/2016:11:50:16 +0200] "GET /favicon.ico HTTP/1.1" 200 202575
::1 - - [27/Apr/2016:11:51:08 +0200] "POST /tests/Connection.php HTTP/1.1" 200 1271
::1 - - [27/Apr/2016:11:51:08 +0200] "GET /tests/styles/FlexGrid.css HTTP/1.1" 304 -
::1 - - [27/Apr/2016:11:51:08 +0200] "GET /favicon.ico HTTP/1.1" 200 202575
::1 - - [27/Apr/2016:11:51:47 +0200] "POST /tests/Connection.php HTTP/1.1" 200 1220
::1 - - [27/Apr/2016:11:51:47 +0200] "GET /tests/styles/FlexGrid.css HTTP/1.1" 304 -
::1 - - [27/Apr/2016:11:51:47 +0200] "GET /favicon.ico HTTP/1.1" 200 202575
::1 - - [27/Apr/2016:11:52:51 +0200] "POST /tests/Connection.php HTTP/1.1" 200 1230
::1 - - [27/Apr/2016:11:52:52 +0200] "GET /tests/styles/FlexGrid.css HTTP/1.1" 304 -
::1 - - [27/Apr/2016:11:52:52 +0200] "GET /favicon.ico HTTP/1.1" 200 202575
::1 - - [27/Apr/2016:11:53:28 +0200] "POST /tests/Connection.php HTTP/1.1" 200 1269
::1 - - [27/Apr/2016:11:53:28 +0200] "GET /tests/styles/FlexGrid.css HTTP/1.1" 304 -
::1 - - [27/Apr/2016:11:53:28 +0200] "GET /favicon.ico HTTP/1.1" 200 202575
::1 - - [27/Apr/2016:11:54:10 +0200] "POST /tests/Connection.php HTTP/1.1" 200 1329
::1 - - [27/Apr/2016:11:54:10 +0200] "GET /tests/styles/FlexGrid.css HTTP/1.1" 304 -
::1 - - [27/Apr/2016:11:54:11 +0200] "GET /favicon.ico HTTP/1.1" 200 202575
::1 - - [27/Apr/2016:11:54:25 +0200] "POST /tests/Connection.php HTTP/1.1" 200 1313
::1 - - [27/Apr/2016:11:54:25 +0200] "GET /tests/styles/FlexGrid.css HTTP/1.1" 304 -
::1 - - [27/Apr/2016:11:54:25 +0200] "GET /favicon.ico HTTP/1.1" 200 202575
::1 - - [27/Apr/2016:11:54:50 +0200] "POST /tests/Connection.php HTTP/1.1" 200 1245
::1 - - [27/Apr/2016:11:54:50 +0200] "GET /tests/styles/FlexGrid.css HTTP/1.1" 304 -
::1 - - [27/Apr/2016:11:54:50 +0200] "GET /favicon.ico HTTP/1.1" 200 202575
::1 - - [27/Apr/2016:11:55:16 +0200] "POST /tests/Connection.php HTTP/1.1" 200 1245
::1 - - [27/Apr/2016:11:55:16 +0200] "GET /tests/styles/FlexGrid.css HTTP/1.1" 304 -
::1 - - [27/Apr/2016:11:55:16 +0200] "GET /favicon.ico HTTP/1.1" 200 202575
::1 - - [27/Apr/2016:12:06:30 +0200] "POST /tests/Transition.php HTTP/1.1" 200 390
::1 - - [27/Apr/2016:12:10:33 +0200] "POST /tests/Connection.php HTTP/1.1" 200 1248
::1 - - [27/Apr/2016:12:10:33 +0200] "GET /tests/styles/FlexGrid.css HTTP/1.1" 304 -
::1 - - [27/Apr/2016:12:10:35 +0200] "POST /tests/Transition.php HTTP/1.1" 200 418
::1 - - [27/Apr/2016:12:11:08 +0200] "POST /tests/Connection.php HTTP/1.1" 200 1248
::1 - - [27/Apr/2016:12:11:12 +0200] "POST /tests/Transition.php HTTP/1.1" 200 404
::1 - - [27/Apr/2016:12:11:50 +0200] "POST /tests/Connection.php HTTP/1.1" 200 1248
::1 - - [27/Apr/2016:12:11:52 +0200] "POST /tests/Transition.php HTTP/1.1" 200 385
::1 - - [27/Apr/2016:12:12:15 +0200] "POST /tests/Connection.php HTTP/1.1" 200 1248
::1 - - [27/Apr/2016:12:12:18 +0200] "POST /tests/Transition.php HTTP/1.1" 200 685
::1 - - [27/Apr/2016:12:13:03 +0200] "POST /tests/Transition.php HTTP/1.1" 200 719
::1 - - [27/Apr/2016:12:13:04 +0200] "GET /tests/styles/FlexGrid.css HTTP/1.1" 304 -
::1 - - [27/Apr/2016:12:13:04 +0200] "GET /favicon.ico HTTP/1.1" 200 202575
::1 - - [27/Apr/2016:12:13:08 +0200] "GET /tests/Connection.php HTTP/1.1" 200 5057
::1 - - [27/Apr/2016:12:13:20 +0200] "POST /tests/Transition.php HTTP/1.1" 200 719
::1 - - [27/Apr/2016:12:13:24 +0200] "GET /tests/Connection.php HTTP/1.1" 200 5057
::1 - - [27/Apr/2016:12:15:14 +0200] "GET /tests/Connection.php HTTP/1.1" 200 5057
::1 - - [27/Apr/2016:12:15:15 +0200] "GET /tests/styles/FlexGrid.css HTTP/1.1" 304 -
::1 - - [27/Apr/2016:12:15:15 +0200] "GET /favicon.ico HTTP/1.1" 200 202575
::1 - - [27/Apr/2016:12:15:20 +0200] "POST /tests/Transition.php HTTP/1.1" 200 753
::1 - - [27/Apr/2016:12:15:56 +0200] "POST /tests/Transition.php HTTP/1.1" 200 774
::1 - - [27/Apr/2016:12:15:56 +0200] "GET /tests/styles/FlexGrid.css HTTP/1.1" 304 -
::1 - - [27/Apr/2016:12:15:57 +0200] "GET /favicon.ico HTTP/1.1" 200 202575
::1 - - [27/Apr/2016:12:16:53 +0200] "GET /tests/FlexGrid.php HTTP/1.1" 200 1440
::1 - - [27/Apr/2016:12:16:55 +0200] "GET /tests/Formulaire.php HTTP/1.1" 200 4886
::1 - - [27/Apr/2016:12:17:32 +0200] "POST /tests/Connection.php HTTP/1.1" 200 1251
::1 - - [27/Apr/2016:12:17:44 +0200] "POST /tests/Transition.php HTTP/1.1" 200 781
::1 - - [27/Apr/2016:12:17:50 +0200] "GET /tests/FlexGrid.php HTTP/1.1" 200 1440
::1 - - [27/Apr/2016:12:25:32 +0200] "GET /tests/FlexGrid.php HTTP/1.1" 200 1444
::1 - - [27/Apr/2016:12:25:32 +0200] "GET /tests/styles/FlexGrid.css HTTP/1.1" 304 -
::1 - - [27/Apr/2016:12:25:32 +0200] "GET /favicon.ico HTTP/1.1" 200 202575
::1 - - [27/Apr/2016:12:25:46 +0200] "GET /tests/FlexGrid.php HTTP/1.1" 200 1444
::1 - - [27/Apr/2016:12:26:08 +0200] "GET /tests/Formulaire.php HTTP/1.1" 200 4885
::1 - - [27/Apr/2016:12:26:08 +0200] "GET /tests/styles/FlexGrid.css HTTP/1.1" 304 -
::1 - - [27/Apr/2016:12:26:09 +0200] "GET /favicon.ico HTTP/1.1" 200 202575
::1 - - [27/Apr/2016:12:26:10 +0200] "GET /tests/Accueil.php HTTP/1.1" 200 1365
::1 - - [27/Apr/2016:12:26:13 +0200] "GET /tests/Formulaire.php HTTP/1.1" 200 4885
::1 - - [27/Apr/2016:12:26:15 +0200] "GET /tests/Accueil.php HTTP/1.1" 200 1365
::1 - - [27/Apr/2016:12:26:16 +0200] "GET /tests/Connection*.php HTTP/1.1" 403 307
::1 - - [27/Apr/2016:12:26:37 +0200] "GET /tests/Connection*.php HTTP/1.1" 403 307
::1 - - [27/Apr/2016:12:26:43 +0200] "GET /tests/Accueil.php HTTP/1.1" 200 1365
::1 - - [27/Apr/2016:12:26:43 +0200] "GET /tests/styles/FlexGrid.css HTTP/1.1" 304 -
::1 - - [27/Apr/2016:12:26:43 +0200] "GET /favicon.ico HTTP/1.1" 200 202575
::1 - - [27/Apr/2016:12:26:44 +0200] "GET /tests/Connection2.php HTTP/1.1" 200 1182
::1 - - [27/Apr/2016:12:26:47 +0200] "GET /tests/Formulaire.php HTTP/1.1" 200 4885
::1 - - [27/Apr/2016:12:26:49 +0200] "GET /tests/Accueil.php HTTP/1.1" 200 1365
::1 - - [27/Apr/2016:12:26:50 +0200] "GET /tests/Connection2.php HTTP/1.1" 200 1182
::1 - - [27/Apr/2016:12:26:51 +0200] "GET /tests/Accueil.php HTTP/1.1" 200 1365
::1 - - [27/Apr/2016:12:26:54 +0200] "GET /tests/Connection2.php HTTP/1.1" 200 1182
::1 - - [27/Apr/2016:12:26:56 +0200] "GET /tests/Formulaire.php HTTP/1.1" 200 4885
::1 - - [27/Apr/2016:12:27:00 +0200] "GET /tests/Accueil.php HTTP/1.1" 200 1365
::1 - - [27/Apr/2016:12:27:03 +0200] "GET /tests/Formulaire.php HTTP/1.1" 200 4885
::1 - - [27/Apr/2016:12:27:26 +0200] "POST /tests/Connection.php HTTP/1.1" 200 1292
::1 - - [27/Apr/2016:12:27:29 +0200] "POST /tests/Transition.php HTTP/1.1" 200 826
::1 - - [27/Apr/2016:12:27:31 +0200] "GET /tests/FlexGrid.php HTTP/1.1" 200 1444
::1 - - [27/Apr/2016:14:20:37 +0200] "GET / HTTP/1.1" 200 4821
::1 - - [27/Apr/2016:14:20:40 +0200] "GET /index.php?img=gifLogo HTTP/1.1" 200 4549
::1 - - [27/Apr/2016:14:20:40 +0200] "GET /index.php?img=pngFolder HTTP/1.1" 200 850
::1 - - [27/Apr/2016:14:20:40 +0200] "GET /index.php?img=pngFolderGo HTTP/1.1" 200 694
::1 - - [27/Apr/2016:14:20:40 +0200] "GET /index.php?img=pngPlugin HTTP/1.1" 200 548
::1 - - [27/Apr/2016:14:20:40 +0200] "GET /index.php?img=pngWrench HTTP/1.1" 200 741
::1 - - [27/Apr/2016:14:20:49 +0200] "GET /tests HTTP/1.1" 301 315
::1 - - [27/Apr/2016:14:20:49 +0200] "GET /tests/ HTTP/1.1" 200 2908
::1 - - [27/Apr/2016:14:20:49 +0200] "GET /icons/blank.gif HTTP/1.1" 403 301
::1 - - [27/Apr/2016:14:20:49 +0200] "GET /icons/back.gif HTTP/1.1" 403 300
::1 - - [27/Apr/2016:14:20:49 +0200] "GET /icons/unknown.gif HTTP/1.1" 403 303
::1 - - [27/Apr/2016:14:20:49 +0200] "GET /icons/folder.gif HTTP/1.1" 403 302
::1 - - [27/Apr/2016:14:20:53 +0200] "GET /tests/Accueil.php HTTP/1.1" 200 1365
::1 - - [27/Apr/2016:14:20:53 +0200] "GET /tests/styles/FlexGrid.css HTTP/1.1" 200 1286
::1 - - [27/Apr/2016:14:20:53 +0200] "GET /tests/images/corps-milieu.jpg HTTP/1.1" 200 277
::1 - - [27/Apr/2016:14:20:53 +0200] "GET /tests/images/menu.jpg HTTP/1.1" 200 51048
::1 - - [27/Apr/2016:14:20:53 +0200] "GET /tests/images/corps-bas.jpg HTTP/1.1" 200 622
::1 - - [27/Apr/2016:14:20:53 +0200] "GET /tests/images/header.jpg HTTP/1.1" 200 470726
::1 - - [27/Apr/2016:14:20:57 +0200] "GET /tests/Formulaire.php HTTP/1.1" 200 4885
::1 - - [27/Apr/2016:14:21:28 +0200] "POST /tests/Connection.php HTTP/1.1" 200 1292
::1 - - [27/Apr/2016:14:21:33 +0200] "POST /tests/Transition.php HTTP/1.1" 200 826
::1 - - [27/Apr/2016:14:21:35 +0200] "GET /tests/FlexGrid.php HTTP/1.1" 200 1444
::1 - - [27/Apr/2016:14:21:38 +0200] "GET /tests/News.php HTTP/1.1" 200 1120
::1 - - [27/Apr/2016:14:21:39 +0200] "GET /tests/images/Voiture.jpg HTTP/1.1" 200 176642
::1 - - [27/Apr/2016:14:21:39 +0200] "GET /tests/images/SecondeMap.jpg HTTP/1.1" 200 168060
::1 - - [27/Apr/2016:14:21:39 +0200] "GET /tests/images/PremiereMap.jpg HTTP/1.1" 200 184197
::1 - - [27/Apr/2016:14:21:41 +0200] "GET /tests/FlexGrid.php HTTP/1.1" 200 1444
::1 - - [27/Apr/2016:14:21:42 +0200] "GET /tests/CarnetDeBord.php HTTP/1.1" 200 2021
::1 - - [27/Apr/2016:14:21:45 +0200] "GET /tests/FlexGrid.php HTTP/1.1" 200 1444
::1 - - [27/Apr/2016:14:21:47 +0200] "GET /tests/Deconnection.php HTTP/1.1" 404 304
::1 - - [27/Apr/2016:17:24:39 +0200] "GET / HTTP/1.1" 200 4821
::1 - - [27/Apr/2016:17:24:39 +0200] "GET /index.php?img=gifLogo HTTP/1.1" 200 4549
::1 - - [27/Apr/2016:17:24:39 +0200] "GET /index.php?img=pngPlugin HTTP/1.1" 200 548
::1 - - [27/Apr/2016:17:24:39 +0200] "GET /index.php?img=pngFolder HTTP/1.1" 200 850
::1 - - [27/Apr/2016:17:24:39 +0200] "GET /index.php?img=pngFolderGo HTTP/1.1" 200 694
::1 - - [27/Apr/2016:17:24:39 +0200] "GET /index.php?img=pngWrench HTTP/1.1" 200 741
::1 - - [27/Apr/2016:17:24:40 +0200] "GET /index.php?img=favicon HTTP/1.1" 200 1429
::1 - - [27/Apr/2016:17:24:40 +0200] "GET /tests/ HTTP/1.1" 200 2908
::1 - - [27/Apr/2016:17:24:40 +0200] "GET /icons/blank.gif HTTP/1.1" 403 301
::1 - - [27/Apr/2016:17:24:40 +0200] "GET /icons/back.gif HTTP/1.1" 403 300
::1 - - [27/Apr/2016:17:24:40 +0200] "GET /icons/unknown.gif HTTP/1.1" 403 303
::1 - - [27/Apr/2016:17:24:40 +0200] "GET /icons/folder.gif HTTP/1.1" 403 302
::1 - - [27/Apr/2016:17:24:44 +0200] "GET /tests/Accueil.php HTTP/1.1" 200 1365
::1 - - [27/Apr/2016:17:24:44 +0200] "GET /tests/styles/FlexGrid.css HTTP/1.1" 304 -
::1 - - [27/Apr/2016:17:24:49 +0200] "GET /tests/Formulaire.php HTTP/1.1" 200 4885
::1 - - [27/Apr/2016:17:25:21 +0200] "POST /tests/Connection.php HTTP/1.1" 200 1292
::1 - - [27/Apr/2016:17:25:29 +0200] "POST /tests/Transition.php HTTP/1.1" 200 826
::1 - - [27/Apr/2016:17:25:31 +0200] "GET /tests/FlexGrid.php HTTP/1.1" 200 1444
::1 - - [27/Apr/2016:17:25:37 +0200] "GET /tests/CarnetDeBord.php HTTP/1.1" 200 2021
::1 - - [27/Apr/2016:17:25:42 +0200] "GET /tests/FlexGrid.php HTTP/1.1" 200 1444
::1 - - [01/May/2016:18:54:36 +0200] "GET / HTTP/1.1" 200 4821
::1 - - [01/May/2016:18:54:37 +0200] "GET /index.php?img=gifLogo HTTP/1.1" 200 4549
::1 - - [01/May/2016:18:54:37 +0200] "GET /index.php?img=pngPlugin HTTP/1.1" 200 548
::1 - - [01/May/2016:18:54:37 +0200] "GET /index.php?img=pngFolderGo HTTP/1.1" 200 694
::1 - - [01/May/2016:18:54:37 +0200] "GET /index.php?img=pngFolder HTTP/1.1" 200 850
::1 - - [01/May/2016:18:54:37 +0200] "GET /index.php?img=pngWrench HTTP/1.1" 200 741
::1 - - [01/May/2016:18:54:46 +0200] "GET /tests/ HTTP/1.1" 200 2908
::1 - - [01/May/2016:18:54:47 +0200] "GET /icons/blank.gif HTTP/1.1" 403 301
::1 - - [01/May/2016:18:54:47 +0200] "GET /icons/back.gif HTTP/1.1" 403 300
::1 - - [01/May/2016:18:54:47 +0200] "GET /icons/unknown.gif HTTP/1.1" 403 303
::1 - - [01/May/2016:18:54:47 +0200] "GET /icons/folder.gif HTTP/1.1" 403 302
::1 - - [01/May/2016:18:54:51 +0200] "GET /tests/Accueil.php HTTP/1.1" 200 1365
::1 - - [01/May/2016:18:54:51 +0200] "GET /tests/styles/FlexGrid.css HTTP/1.1" 304 -
::1 - - [01/May/2016:19:12:19 +0200] "GET /tests/ HTTP/1.1" 200 3340
::1 - - [01/May/2016:19:12:20 +0200] "GET /icons/blank.gif HTTP/1.1" 403 301
::1 - - [01/May/2016:19:12:20 +0200] "GET /icons/back.gif HTTP/1.1" 403 300
::1 - - [01/May/2016:19:12:20 +0200] "GET /icons/unknown.gif HTTP/1.1" 403 303
::1 - - [01/May/2016:19:12:20 +0200] "GET /icons/text.gif HTTP/1.1" 403 300
::1 - - [01/May/2016:19:12:20 +0200] "GET /icons/folder.gif HTTP/1.1" 403 302
::1 - - [01/May/2016:19:12:25 +0200] "GET /tests/test.php HTTP/1.1" 200 393
::1 - - [01/May/2016:19:12:47 +0200] "GET /tests/test.php HTTP/1.1" 200 413
::1 - - [01/May/2016:19:13:06 +0200] "GET /tests/test.php HTTP/1.1" 200 413
::1 - - [01/May/2016:19:13:51 +0200] "GET /tests/test.php HTTP/1.1" 200 -
::1 - - [01/May/2016:19:14:14 +0200] "GET /tests/test.php HTTP/1.1" 200 3
::1 - - [01/May/2016:19:14:14 +0200] "GET /favicon.ico HTTP/1.1" 200 202575
::1 - - [01/May/2016:19:16:15 +0200] "GET /tests/test.php HTTP/1.1" 200 391
::1 - - [01/May/2016:19:16:16 +0200] "GET /favicon.ico HTTP/1.1" 200 202575
::1 - - [01/May/2016:19:16:21 +0200] "GET /tests/test.php HTTP/1.1" 200 3
::1 - - [01/May/2016:19:16:22 +0200] "GET /favicon.ico HTTP/1.1" 200 202575
::1 - - [01/May/2016:19:16:35 +0200] "GET /tests/test.php HTTP/1.1" 200 23
::1 - - [01/May/2016:19:16:35 +0200] "GET /favicon.ico HTTP/1.1" 200 202575
::1 - - [01/May/2016:19:16:36 +0200] "GET /tests/test.php HTTP/1.1" 200 43
::1 - - [01/May/2016:19:16:37 +0200] "GET /favicon.ico HTTP/1.1" 200 202575
::1 - - [01/May/2016:19:16:38 +0200] "GET /tests/test.php HTTP/1.1" 200 63
::1 - - [01/May/2016:19:16:38 +0200] "GET /favicon.ico HTTP/1.1" 200 202575
::1 - - [01/May/2016:19:16:38 +0200] "GET /tests/test.php HTTP/1.1" 200 83
::1 - - [01/May/2016:19:16:39 +0200] "GET /tests/test.php HTTP/1.1" 200 103
::1 - - [01/May/2016:19:16:39 +0200] "GET /favicon.ico HTTP/1.1" 200 202575
::1 - - [01/May/2016:19:16:39 +0200] "GET /tests/test.php HTTP/1.1" 200 123
::1 - - [01/May/2016:19:16:39 +0200] "GET /tests/test.php HTTP/1.1" 200 143
::1 - - [01/May/2016:19:16:40 +0200] "GET /favicon.ico HTTP/1.1" 200 202575
::1 - - [01/May/2016:19:16:40 +0200] "GET /tests/test.php HTTP/1.1" 200 163
::1 - - [01/May/2016:19:16:40 +0200] "GET /tests/test.php HTTP/1.1" 200 183
::1 - - [01/May/2016:19:16:41 +0200] "GET /favicon.ico HTTP/1.1" 200 202575
::1 - - [01/May/2016:19:16:41 +0200] "GET /tests/test.php HTTP/1.1" 200 203
::1 - - [01/May/2016:19:16:41 +0200] "GET /tests/test.php HTTP/1.1" 200 223
::1 - - [01/May/2016:19:16:41 +0200] "GET /favicon.ico HTTP/1.1" 200 202575
::1 - - [01/May/2016:19:16:41 +0200] "GET /tests/test.php HTTP/1.1" 200 243
::1 - - [01/May/2016:19:16:42 +0200] "GET /tests/test.php HTTP/1.1" 200 263
::1 - - [01/May/2016:19:16:42 +0200] "GET /favicon.ico HTTP/1.1" 200 202575
::1 - - [01/May/2016:19:34:05 +0200] "GET /phpmyadmin/ HTTP/1.1" 200 49351
::1 - - [01/May/2016:19:34:07 +0200] "GET /phpmyadmin/themes/pmahomme/jquery/jquery-ui-1.9.2.custom.css HTTP/1.1" 200 32278
::1 - - [01/May/2016:19:34:07 +0200] "GET /phpmyadmin/js/get_scripts.js.php?lang=fr&collation_connection=utf8mb4_general_ci&token=383cc0e015b9ff8ae793a0ecb7b75201&scripts[]=jquery/jquery-1.8.3.min.js&scripts[]=ajax.js&scripts[]=keyhandler.js&scripts[]=jquery/jquery-ui-1.9.2.custom.min.js&scripts[]=jquery/jquery.sprintf.js&scripts[]=jquery/jquery.cookie.js&scripts[]=jquery/jquery.mousewheel.js&scripts[]=jquery/jquery.event.drag-2.2.js&scripts[]=jquery/jquery-ui-timepicker-addon.js&scripts[]=jquery/jquery.ba-hashchange-1.3.js&scripts[]=jquery/jquery.debounce-1.0.5.js&scripts[]=jquery/jquery.menuResizer-1.0.js&scripts[]=cross_framing_protection.js&scripts[]=rte.js&scripts[]=tracekit/tracekit.js&scripts[]=error_report.js&scripts[]=doclinks.js&scripts[]=functions.js&scripts[]=navigation.js&scripts[]=indexes.js&scripts[]=common.js&scripts[]=codemirror/lib/codemirror.js&scripts[]=codemirror/mode/sql/sql.js&scripts[]=codemirror/addon/runmode/runmode.js HTTP/1.1" 200 1039434
::1 - - [01/May/2016:19:34:07 +0200] "GET /phpmyadmin/phpmyadmin.css.php?server=1&lang=fr&collation_connection=utf8mb4_general_ci&token=383cc0e015b9ff8ae793a0ecb7b75201&nocache=5721666406ltr HTTP/1.1" 200 93053
::1 - - [01/May/2016:19:34:07 +0200] "GET /phpmyadmin/js/get_image.js.php?theme=pmahomme HTTP/1.1" 200 6388
::1 - - [01/May/2016:19:34:08 +0200] "GET /phpmyadmin/themes/pmahomme/img/logo_left.png HTTP/1.1" 200 2327
::1 - - [01/May/2016:19:34:08 +0200] "GET /phpmyadmin/themes/dot.gif HTTP/1.1" 200 43
::1 - - [01/May/2016:19:34:08 +0200] "GET /phpmyadmin/themes/pmahomme/img/ajax_clock_small.gif HTTP/1.1" 200 1810
::1 - - [01/May/2016:19:34:07 +0200] "GET /phpmyadmin/js/messages.php?lang=fr&db=&collation_connection=utf8mb4_general_ci&token=383cc0e015b9ff8ae793a0ecb7b75201 HTTP/1.1" 200 19869
::1 - - [01/May/2016:19:34:09 +0200] "GET /phpmyadmin/themes/pmahomme/img/left_nav_bg.png HTTP/1.1" 200 297
::1 - - [01/May/2016:19:34:09 +0200] "GET /phpmyadmin/themes/pmahomme/img/sprites.png HTTP/1.1" 200 41626
::1 - - [01/May/2016:19:34:09 +0200] "GET /phpmyadmin/favicon.ico HTTP/1.1" 200 18902
::1 - - [01/May/2016:19:34:09 +0200] "GET /phpmyadmin/version_check.php?&_nocache=1462124049776687243 HTTP/1.1" 200 39
::1 - - [01/May/2016:19:34:45 +0200] "GET /phpmyadmin/server_databases.php?server=1&token=383cc0e015b9ff8ae793a0ecb7b75201&ajax_request=true&ajax_page_request=true&menuHashes=7d3d64e3&_nocache=1462124085774414599 HTTP/1.1" 200 39292
::1 - - [01/May/2016:19:34:46 +0200] "GET /phpmyadmin/js/get_scripts.js.php?scripts[]=server_databases.js&token=383cc0e015b9ff8ae793a0ecb7b75201&call_done=1 HTTP/1.1" 200 4719
::1 - - [01/May/2016:19:34:46 +0200] "GET /phpmyadmin/themes/pmahomme/img/arrow_ltr.png HTTP/1.1" 200 139
::1 - - [01/May/2016:19:34:59 +0200] "POST /phpmyadmin/db_create.php HTTP/1.1" 200 188
::1 - - [01/May/2016:19:35:05 +0200] "POST /phpmyadmin/db_create.php HTTP/1.1" 200 2159
::1 - - [01/May/2016:19:35:05 +0200] "POST /phpmyadmin/navigation.php?ajax_request=1&lang=fr&collation_connection=utf8mb4_general_ci&token=383cc0e015b9ff8ae793a0ecb7b75201 HTTP/1.1" 200 4377
::1 - - [01/May/2016:19:35:08 +0200] "GET /phpmyadmin/db_structure.php?server=1&db=testi&token=383cc0e015b9ff8ae793a0ecb7b75201&ajax_request=true&ajax_page_request=true&menuHashes=7d3d64e3-8848302a&_nocache=1462124108806642123 HTTP/1.1" 200 5851
::1 - - [01/May/2016:19:35:09 +0200] "GET /phpmyadmin/js/get_scripts.js.php?scripts[]=db_structure.js&scripts[]=tbl_change.js&token=383cc0e015b9ff8ae793a0ecb7b75201&call_done=1 HTTP/1.1" 200 36139
::1 - - [01/May/2016:19:35:09 +0200] "GET /phpmyadmin/navigation.php?ajax_request=1&lang=fr&collation_connection=utf8mb4_general_ci&token=383cc0e015b9ff8ae793a0ecb7b75201&aPath=cm9vdA%3D%3D.dGVzdGk%3D&vPath=cm9vdA%3D%3D.dGVzdGk%3D&pos=0&pos2_name=&pos2_value=&searchClause=&searchClause2=&_nocache=1462124109384929114 HTTP/1.1" 200 97
::1 - - [01/May/2016:19:35:10 +0200] "GET /phpmyadmin/db_structure.php?server=1&db=test&token=383cc0e015b9ff8ae793a0ecb7b75201&ajax_request=true&ajax_page_request=true&menuHashes=7d3d64e3-8848302a-039999fb&_nocache=1462124110317450724 HTTP/1.1" 200 5832
::1 - - [01/May/2016:19:35:10 +0200] "GET /phpmyadmin/navigation.php?ajax_request=1&lang=fr&collation_connection=utf8mb4_general_ci&token=383cc0e015b9ff8ae793a0ecb7b75201&aPath=cm9vdA%3D%3D.dGVzdA%3D%3D&vPath=cm9vdA%3D%3D.dGVzdA%3D%3D&pos=0&pos2_name=&pos2_value=&searchClause=&searchClause2=&_nocache=1462124110645128397 HTTP/1.1" 200 97
::1 - - [01/May/2016:19:35:12 +0200] "GET /phpmyadmin/db_structure.php?server=1&db=testi&token=383cc0e015b9ff8ae793a0ecb7b75201&ajax_request=true&ajax_page_request=true&menuHashes=7d3d64e3-8848302a-039999fb-76b2f4d5&_nocache=1462124112019305634 HTTP/1.1" 200 2571
::1 - - [01/May/2016:19:36:08 +0200] "POST /phpmyadmin/tbl_create.php HTTP/1.1" 200 183806
::1 - - [01/May/2016:19:36:09 +0200] "GET /phpmyadmin/index.php?ajax_request=1&recent_table=1&token=383cc0e015b9ff8ae793a0ecb7b75201 HTTP/1.1" 200 215
::1 - - [01/May/2016:19:36:09 +0200] "GET /phpmyadmin/navigation.php?ajax_request=1&lang=fr&collation_connection=utf8mb4_general_ci&token=383cc0e015b9ff8ae793a0ecb7b75201&aPath=cm9vdA%3D%3D.dGVzdGk%3D&vPath=cm9vdA%3D%3D.dGVzdGk%3D&pos=0&pos2_name=&pos2_value=&searchClause=&searchClause2=&_nocache=1462124169636309790 HTTP/1.1" 200 97
::1 - - [01/May/2016:19:39:50 +0200] "POST /phpmyadmin/tbl_create.php HTTP/1.1" 200 176
::1 - - [01/May/2016:19:39:51 +0200] "GET /phpmyadmin/db_structure.php?token=383cc0e015b9ff8ae793a0ecb7b75201&server=1&db=testi&table=comptes&ajax_request=true&ajax_page_request=true&menuHashes=7d3d64e3-8848302a-039999fb-76b2f4d5-90742edd&_nocache=146212439118651131 HTTP/1.1" 200 9838
::1 - - [01/May/2016:19:39:51 +0200] "POST /phpmyadmin/navigation.php?ajax_request=1&lang=fr&collation_connection=utf8mb4_general_ci&token=383cc0e015b9ff8ae793a0ecb7b75201 HTTP/1.1" 200 4327
::1 - - [01/May/2016:19:39:51 +0200] "GET /phpmyadmin/navigation.php?ajax_request=1&lang=fr&collation_connection=utf8mb4_general_ci&token=383cc0e015b9ff8ae793a0ecb7b75201&aPath=cm9vdA%3D%3D.dGVzdGk%3D&vPath=cm9vdA%3D%3D.dGVzdGk%3D&pos=0&pos2_name=&pos2_value=&searchClause=&searchClause2=&_nocache=1462124391804601750 HTTP/1.1" 200 1440
::1 - - [01/May/2016:19:39:51 +0200] "GET /phpmyadmin/index.php?ajax_request=1&recent_table=1&token=383cc0e015b9ff8ae793a0ecb7b75201 HTTP/1.1" 200 215
::1 - - [01/May/2016:19:39:52 +0200] "GET /phpmyadmin/navigation.php?ajax_request=1&lang=fr&collation_connection=utf8mb4_general_ci&token=383cc0e015b9ff8ae793a0ecb7b75201&aPath=cm9vdA%3D%3D.dGVzdGk%3D&vPath=cm9vdA%3D%3D.dGVzdGk%3D&pos=0&pos2_name=&pos2_value=&searchClause=&searchClause2=&_nocache=1462124391991922191 HTTP/1.1" 200 1440
::1 - - [01/May/2016:19:39:58 +0200] "GET /phpmyadmin/sql.php?server=1&db=testi&table=comptes&pos=0&token=383cc0e015b9ff8ae793a0ecb7b75201&ajax_request=true&ajax_page_request=true&menuHashes=7d3d64e3-8848302a-039999fb-76b2f4d5-90742edd&_nocache=1462124398854836433 HTTP/1.1" 200 9529
::1 - - [01/May/2016:19:39:59 +0200] "GET /phpmyadmin/js/get_scripts.js.php?scripts[]=gis_data_editor.js&token=383cc0e015b9ff8ae793a0ecb7b75201&call_done=1 HTTP/1.1" 200 14220
::1 - - [01/May/2016:19:39:59 +0200] "GET /phpmyadmin/index.php?ajax_request=1&recent_table=1&token=383cc0e015b9ff8ae793a0ecb7b75201 HTTP/1.1" 200 215
::1 - - [01/May/2016:19:40:04 +0200] "GET /phpmyadmin/db_structure.php?server=1&db=testi&token=383cc0e015b9ff8ae793a0ecb7b75201&ajax_request=true&ajax_page_request=true&menuHashes=7d3d64e3-8848302a-039999fb-76b2f4d5-90742edd-677b9e04&_nocache=1462124404774277249 HTTP/1.1" 200 9659
::1 - - [01/May/2016:19:40:11 +0200] "GET /phpmyadmin/sql.php?db=testi&token=383cc0e015b9ff8ae793a0ecb7b75201&goto=db_structure.php&table=comptes&pos=0&ajax_request=true&ajax_page_request=true&menuHashes=7d3d64e3-8848302a-039999fb-76b2f4d5-90742edd-677b9e04&_nocache=1462124411046112610 HTTP/1.1" 200 6050
::1 - - [01/May/2016:19:40:11 +0200] "GET /phpmyadmin/index.php?ajax_request=1&recent_table=1&token=383cc0e015b9ff8ae793a0ecb7b75201 HTTP/1.1" 200 215
::1 - - [01/May/2016:19:40:13 +0200] "GET /phpmyadmin/tbl_structure.php?db=testi&table=comptes&token=383cc0e015b9ff8ae793a0ecb7b75201&ajax_request=true&ajax_page_request=true&menuHashes=7d3d64e3-8848302a-039999fb-76b2f4d5-90742edd-677b9e04&_nocache=1462124413403728465 HTTP/1.1" 200 34449
::1 - - [01/May/2016:19:40:14 +0200] "GET /phpmyadmin/js/get_scripts.js.php?scripts[]=tbl_structure.js&token=383cc0e015b9ff8ae793a0ecb7b75201&call_done=1 HTTP/1.1" 200 21559
::1 - - [01/May/2016:19:40:14 +0200] "GET /phpmyadmin/index.php?ajax_request=1&recent_table=1&token=383cc0e015b9ff8ae793a0ecb7b75201 HTTP/1.1" 200 215
::1 - - [01/May/2016:19:40:53 +0200] "GET /phpmyadmin/tbl_change.php?db=testi&table=comptes&token=383cc0e015b9ff8ae793a0ecb7b75201&ajax_request=true&ajax_page_request=true&menuHashes=7d3d64e3-8848302a-039999fb-76b2f4d5-90742edd-677b9e04-f38b4549&_nocache=1462124453100186819 HTTP/1.1" 200 39044
::1 - - [01/May/2016:19:40:53 +0200] "GET /phpmyadmin/index.php?ajax_request=1&recent_table=1&token=383cc0e015b9ff8ae793a0ecb7b75201 HTTP/1.1" 200 215
::1 - - [01/May/2016:19:42:02 +0200] "POST /phpmyadmin/tbl_replace.php HTTP/1.1" 200 11594
::1 - - [01/May/2016:19:42:03 +0200] "GET /phpmyadmin/js/get_scripts.js.php?scripts[]=makegrid.js&scripts[]=sql.js&token=383cc0e015b9ff8ae793a0ecb7b75201&call_done=1 HTTP/1.1" 200 100312
::1 - - [01/May/2016:19:42:03 +0200] "GET /phpmyadmin/index.php?ajax_request=1&recent_table=1&token=383cc0e015b9ff8ae793a0ecb7b75201 HTTP/1.1" 200 215
::1 - - [01/May/2016:19:42:10 +0200] "GET /phpmyadmin/sql.php?db=testi&table=comptes&token=383cc0e015b9ff8ae793a0ecb7b75201&pos=0&ajax_request=true&ajax_page_request=true&menuHashes=039999fb-76b2f4d5-90742edd-677b9e04-f38b4549-df3996db-79a581c7&_nocache=1462124530183392353 HTTP/1.1" 200 20588
::1 - - [01/May/2016:19:42:10 +0200] "GET /phpmyadmin/themes/pmahomme/img/col_pointer.png HTTP/1.1" 200 113
::1 - - [01/May/2016:19:42:10 +0200] "GET /phpmyadmin/themes/pmahomme/img/col_drop.png HTTP/1.1" 200 132
::1 - - [01/May/2016:19:42:10 +0200] "GET /phpmyadmin/themes/pmahomme/img/s_fulltext.png HTTP/1.1" 200 193
::1 - - [01/May/2016:19:42:10 +0200] "GET /phpmyadmin/index.php?ajax_request=1&recent_table=1&token=383cc0e015b9ff8ae793a0ecb7b75201 HTTP/1.1" 200 215
::1 - - [01/May/2016:19:42:55 +0200] "GET /phpmyadmin/themes/pmahomme/jquery/images/ui-bg_flat_75_ffffff_40x100.png HTTP/1.1" 200 178
::1 - - [01/May/2016:19:42:55 +0200] "GET /phpmyadmin/themes/pmahomme/jquery/images/ui-bg_highlight-soft_75_cccccc_1x100.png HTTP/1.1" 200 101
::1 - - [01/May/2016:19:42:55 +0200] "GET /phpmyadmin/themes/pmahomme/jquery/images/ui-bg_glass_75_e6e6e6_1x400.png HTTP/1.1" 200 110
::1 - - [01/May/2016:19:42:55 +0200] "GET /phpmyadmin/themes/pmahomme/jquery/images/ui-icons_222222_256x240.png HTTP/1.1" 200 4369
::1 - - [01/May/2016:19:42:55 +0200] "GET /phpmyadmin/themes/pmahomme/jquery/images/ui-bg_flat_0_aaaaaa_40x100.png HTTP/1.1" 200 180
::1 - - [01/May/2016:19:42:55 +0200] "GET /phpmyadmin/themes/pmahomme/jquery/images/ui-bg_glass_75_dadada_1x400.png HTTP/1.1" 200 159
::1 - - [01/May/2016:19:42:58 +0200] "GET /phpmyadmin/themes/pmahomme/jquery/images/ui-bg_glass_65_ffffff_1x400.png HTTP/1.1" 200 105
::1 - - [01/May/2016:19:42:58 +0200] "GET /phpmyadmin/sql.php?db=testi&table=comptes&sql_query=DELETE+FROM+%60testi%60.%60comptes%60+WHERE+%60comptes%60.%60ID%60+%3D+2&message_to_show=La+ligne+a+%C3%A9t%C3%A9+effac%C3%A9e&goto=sql.php%3Fdb%3Dtesti%26table%3Dcomptes%26sql_query%3DSELECT%2B%252A%2BFROM%2B%2560comptes%2560%26message_to_show%3DLa%2Bligne%2Ba%2B%25C3%25A9t%25C3%25A9%2Beffac%25C3%25A9e%26goto%3Dtbl_sql.php%26token%3D383cc0e015b9ff8ae793a0ecb7b75201&token=383cc0e015b9ff8ae793a0ecb7b75201&ajax_request=true&is_js_confirmed=true&_nocache=1462124578964436244 HTTP/1.1" 200 1605
::1 - - [01/May/2016:23:40:14 +0200] "GET /phpmyadmin/ HTTP/1.1" 200 47807
::1 - - [01/May/2016:23:40:15 +0200] "GET /phpmyadmin/js/get_scripts.js.php?token=b0d00ee648423e72db4b892525fc4bfe&scripts[]=jquery/jquery-1.8.3.min.js&scripts[]=ajax.js&scripts[]=keyhandler.js&scripts[]=jquery/jquery-ui-1.9.2.custom.min.js&scripts[]=jquery/jquery.sprintf.js&scripts[]=jquery/jquery.cookie.js&scripts[]=jquery/jquery.mousewheel.js&scripts[]=jquery/jquery.event.drag-2.2.js&scripts[]=jquery/jquery-ui-timepicker-addon.js&scripts[]=jquery/jquery.ba-hashchange-1.3.js&scripts[]=jquery/jquery.debounce-1.0.5.js&scripts[]=jquery/jquery.menuResizer-1.0.js&scripts[]=cross_framing_protection.js&scripts[]=rte.js&scripts[]=tracekit/tracekit.js&scripts[]=error_report.js&scripts[]=doclinks.js&scripts[]=functions.js&scripts[]=navigation.js&scripts[]=indexes.js&scripts[]=common.js&scripts[]=codemirror/lib/codemirror.js&scripts[]=codemirror/mode/sql/sql.js&scripts[]=codemirror/addon/runmode/runmode.js HTTP/1.1" 200 1039434
::1 - - [01/May/2016:23:40:15 +0200] "GET /phpmyadmin/js/messages.php?lang=fr&db=&token=b0d00ee648423e72db4b892525fc4bfe HTTP/1.1" 200 19869
::1 - - [01/May/2016:23:40:15 +0200] "GET /phpmyadmin/phpmyadmin.css.php?server=1&token=b0d00ee648423e72db4b892525fc4bfe&nocache=5721681174ltr HTTP/1.1" 200 93053
::1 - - [01/May/2016:23:40:15 +0200] "GET /phpmyadmin/js/get_image.js.php?theme=pmahomme HTTP/1.1" 200 6388
::1 - - [01/May/2016:23:40:17 +0200] "GET /phpmyadmin/version_check.php?&_nocache=146213881721023427 HTTP/1.1" 200 39
::1 - - [01/May/2016:23:40:19 +0200] "GET /phpmyadmin/db_structure.php?server=1&db=testi&token=b0d00ee648423e72db4b892525fc4bfe&ajax_request=true&ajax_page_request=true&menuHashes=2762a28d&_nocache=1462138819202773094 HTTP/1.1" 200 12936
::1 - - [01/May/2016:23:40:19 +0200] "GET /phpmyadmin/js/get_scripts.js.php?scripts[]=db_structure.js&scripts[]=tbl_change.js&token=b0d00ee648423e72db4b892525fc4bfe&call_done=1 HTTP/1.1" 200 36139
::1 - - [01/May/2016:23:40:19 +0200] "GET /phpmyadmin/navigation.php?ajax_request=1&token=b0d00ee648423e72db4b892525fc4bfe&aPath=cm9vdA%3D%3D.dGVzdGk%3D&vPath=cm9vdA%3D%3D.dGVzdGk%3D&pos=0&pos2_name=&pos2_value=&searchClause=&searchClause2=&_nocache=146213881966956317 HTTP/1.1" 200 1440
::1 - - [01/May/2016:23:40:24 +0200] "GET /phpmyadmin/tbl_structure.php?db=testi&token=b0d00ee648423e72db4b892525fc4bfe&goto=db_structure.php&table=comptes&ajax_request=true&ajax_page_request=true&menuHashes=2762a28d-f0d6a8ef&_nocache=1462138824058303886 HTTP/1.1" 200 34449
::1 - - [01/May/2016:23:40:24 +0200] "GET /phpmyadmin/js/get_scripts.js.php?scripts[]=tbl_structure.js&token=b0d00ee648423e72db4b892525fc4bfe&call_done=1 HTTP/1.1" 200 21559
::1 - - [01/May/2016:23:40:24 +0200] "GET /phpmyadmin/index.php?ajax_request=1&recent_table=1&token=b0d00ee648423e72db4b892525fc4bfe HTTP/1.1" 200 215
::1 - - [01/May/2016:23:40:41 +0200] "GET /phpmyadmin/sql.php?db=testi&table=comptes&token=b0d00ee648423e72db4b892525fc4bfe&pos=0&ajax_request=true&ajax_page_request=true&menuHashes=2762a28d-f0d6a8ef-93a932db&_nocache=146213884190296090 HTTP/1.1" 200 19905
::1 - - [01/May/2016:23:40:42 +0200] "GET /phpmyadmin/js/get_scripts.js.php?scripts[]=gis_data_editor.js&scripts[]=makegrid.js&scripts[]=sql.js&token=b0d00ee648423e72db4b892525fc4bfe&call_done=1 HTTP/1.1" 200 114506
::1 - - [01/May/2016:23:40:42 +0200] "GET /phpmyadmin/index.php?ajax_request=1&recent_table=1&token=b0d00ee648423e72db4b892525fc4bfe HTTP/1.1" 200 215
::1 - - [01/May/2016:23:40:55 +0200] "GET /phpmyadmin/tbl_structure.php?db=testi&table=comptes&token=b0d00ee648423e72db4b892525fc4bfe&ajax_request=true&ajax_page_request=true&menuHashes=2762a28d-f0d6a8ef-93a932db-452f8257&_nocache=1462138855857175727 HTTP/1.1" 200 30972
::1 - - [01/May/2016:23:40:56 +0200] "GET /phpmyadmin/index.php?ajax_request=1&recent_table=1&token=b0d00ee648423e72db4b892525fc4bfe HTTP/1.1" 200 215
::1 - - [01/May/2016:23:40:57 +0200] "GET /phpmyadmin/tbl_structure.php?db=testi&table=comptes&token=b0d00ee648423e72db4b892525fc4bfe&goto=tbl_structure.php&back=tbl_structure.php&field=ID&change_column=1&ajax_request=true&_nocache=146213885773050483 HTTP/1.1" 200 39958
::1 - - [01/May/2016:23:41:01 +0200] "POST /phpmyadmin/tbl_structure.php HTTP/1.1" 200 30735
::1 - - [01/May/2016:23:41:01 +0200] "POST /phpmyadmin/tbl_structure.php HTTP/1.1" 200 29237
::1 - - [01/May/2016:23:41:01 +0200] "POST /phpmyadmin/navigation.php?ajax_request=1&token=b0d00ee648423e72db4b892525fc4bfe HTTP/1.1" 200 5821
::1 - - [01/May/2016:23:41:03 +0200] "GET /phpmyadmin/tbl_structure.php?db=testi&table=comptes&token=b0d00ee648423e72db4b892525fc4bfe&goto=tbl_structure.php&back=tbl_structure.php&field=PSEUDO&change_column=1&ajax_request=true&_nocache=1462138863839749650 HTTP/1.1" 200 39979
::1 - - [01/May/2016:23:41:08 +0200] "POST /phpmyadmin/tbl_structure.php HTTP/1.1" 200 30955
::1 - - [01/May/2016:23:41:09 +0200] "POST /phpmyadmin/tbl_structure.php HTTP/1.1" 200 29237
::1 - - [01/May/2016:23:41:09 +0200] "POST /phpmyadmin/navigation.php?ajax_request=1&token=b0d00ee648423e72db4b892525fc4bfe HTTP/1.1" 200 5821
::1 - - [01/May/2016:23:41:22 +0200] "POST /phpmyadmin/tbl_addfield.php HTTP/1.1" 200 41005
::1 - - [01/May/2016:23:41:23 +0200] "GET /phpmyadmin/index.php?ajax_request=1&recent_table=1&token=b0d00ee648423e72db4b892525fc4bfe HTTP/1.1" 200 215
::1 - - [01/May/2016:23:41:34 +0200] "POST /phpmyadmin/tbl_addfield.php HTTP/1.1" 200 1488
::1 - - [01/May/2016:23:41:34 +0200] "POST /phpmyadmin/ HTTP/1.1" 200 166
::1 - - [01/May/2016:23:41:34 +0200] "POST /phpmyadmin/navigation.php?ajax_request=1&token=b0d00ee648423e72db4b892525fc4bfe HTTP/1.1" 200 5821
::1 - - [01/May/2016:23:41:39 +0200] "GET /phpmyadmin/tbl_structure.php?db=testi&table=comptes&token=b0d00ee648423e72db4b892525fc4bfe&ajax_request=true&ajax_page_request=true&menuHashes=2762a28d-f0d6a8ef-93a932db-452f8257&_nocache=1462138899298802634 HTTP/1.1" 200 35178
::1 - - [01/May/2016:23:41:39 +0200] "GET /phpmyadmin/index.php?ajax_request=1&recent_table=1&token=b0d00ee648423e72db4b892525fc4bfe HTTP/1.1" 200 215
::1 - - [01/May/2016:23:41:48 +0200] "GET /phpmyadmin/sql.php?server=1&db=testi&table=comptes&pos=0&token=b0d00ee648423e72db4b892525fc4bfe&ajax_request=true&ajax_page_request=true&menuHashes=2762a28d-f0d6a8ef-93a932db-452f8257&_nocache=1462138908775234220 HTTP/1.1" 200 16548
::1 - - [01/May/2016:23:41:49 +0200] "GET /phpmyadmin/index.php?ajax_request=1&recent_table=1&token=b0d00ee648423e72db4b892525fc4bfe HTTP/1.1" 200 215
::1 - - [01/May/2016:23:41:55 +0200] "GET /phpmyadmin/tbl_change.php?db=testi&table=comptes&where_clause=%60comptes%60.%60ID%60+%3D+1&clause_is_unique=1&sql_query=SELECT+%2A+FROM+%60comptes%60&goto=sql.php&default_action=update&token=b0d00ee648423e72db4b892525fc4bfe&ajax_request=true&ajax_page_request=true&menuHashes=2762a28d-f0d6a8ef-93a932db-452f8257&_nocache=1462138915100969036 HTTP/1.1" 200 27698
::1 - - [01/May/2016:23:41:55 +0200] "GET /phpmyadmin/index.php?ajax_request=1&recent_table=1&token=b0d00ee648423e72db4b892525fc4bfe HTTP/1.1" 200 215
::1 - - [01/May/2016:23:42:02 +0200] "POST /phpmyadmin/tbl_replace.php HTTP/1.1" 200 18770
::1 - - [01/May/2016:23:42:03 +0200] "GET /phpmyadmin/index.php?ajax_request=1&recent_table=1&token=b0d00ee648423e72db4b892525fc4bfe HTTP/1.1" 200 215
::1 - - [01/May/2016:23:59:03 +0200] "GET /tests/ HTTP/1.1" 200 3559
::1 - - [01/May/2016:23:59:03 +0200] "GET /icons/blank.gif HTTP/1.1" 403 301
::1 - - [01/May/2016:23:59:03 +0200] "GET /icons/back.gif HTTP/1.1" 403 300
::1 - - [01/May/2016:23:59:03 +0200] "GET /icons/unknown.gif HTTP/1.1" 403 303
::1 - - [01/May/2016:23:59:03 +0200] "GET /icons/text.gif HTTP/1.1" 403 300
::1 - - [01/May/2016:23:59:03 +0200] "GET /icons/folder.gif HTTP/1.1" 403 302
::1 - - [01/May/2016:23:59:06 +0200] "GET /tests/Connection2.php HTTP/1.1" 200 1182
::1 - - [01/May/2016:23:59:22 +0200] "POST /tests/Transition.php HTTP/1.1" 200 1777
::1 - - [02/May/2016:00:00:16 +0200] "POST /tests/Transition.php HTTP/1.1" 200 1777
::1 - - [02/May/2016:00:00:44 +0200] "GET /tests/Accueil.php HTTP/1.1" 200 1365
::1 - - [02/May/2016:00:00:46 +0200] "GET /tests/Connection2.php HTTP/1.1" 200 1183
::1 - - [02/May/2016:00:00:55 +0200] "POST /tests/Transition2.php HTTP/1.1" 200 383
::1 - - [02/May/2016:00:01:23 +0200] "POST /tests/Transition2.php HTTP/1.1" 200 987
::1 - - [02/May/2016:00:01:24 +0200] "GET /favicon.ico HTTP/1.1" 200 202575
::1 - - [02/May/2016:00:01:58 +0200] "POST /tests/Transition2.php HTTP/1.1" 200 1730
::1 - - [02/May/2016:00:01:58 +0200] "GET /favicon.ico HTTP/1.1" 200 202575
::1 - - [02/May/2016:00:02:55 +0200] "POST /tests/Transition2.php HTTP/1.1" 200 828
::1 - - [02/May/2016:00:02:56 +0200] "GET /tests/styles/FlexGrid.css HTTP/1.1" 304 -
::1 - - [02/May/2016:00:02:56 +0200] "GET /favicon.ico HTTP/1.1" 200 202575
::1 - - [02/May/2016:00:03:00 +0200] "GET /tests/FlexGrid.php HTTP/1.1" 200 1444
::1 - - [02/May/2016:00:03:14 +0200] "GET /tests HTTP/1.1" 301 315
::1 - - [02/May/2016:00:03:14 +0200] "GET /tests/ HTTP/1.1" 200 3559
::1 - - [02/May/2016:00:03:14 +0200] "GET /icons/blank.gif HTTP/1.1" 403 301
::1 - - [02/May/2016:00:03:15 +0200] "GET /icons/back.gif HTTP/1.1" 403 300
::1 - - [02/May/2016:00:03:15 +0200] "GET /icons/unknown.gif HTTP/1.1" 403 303
::1 - - [02/May/2016:00:03:15 +0200] "GET /icons/text.gif HTTP/1.1" 403 300
::1 - - [02/May/2016:00:03:15 +0200] "GET /icons/folder.gif HTTP/1.1" 403 302
::1 - - [02/May/2016:00:03:17 +0200] "GET /tests/Connection2.php HTTP/1.1" 200 1183
::1 - - [02/May/2016:00:03:21 +0200] "POST /tests/Transition2.php HTTP/1.1" 200 821
::1 - - [02/May/2016:00:03:24 +0200] "GET /tests/Connection2.php HTTP/1.1" 200 1183
::1 - - [02/May/2016:00:03:32 +0200] "POST /tests/Transition2.php HTTP/1.1" 200 828
::1 - - [02/May/2016:00:03:36 +0200] "GET /tests/FlexGrid.php HTTP/1.1" 200 1444
::1 - - [02/May/2016:17:05:24 +0200] "GET / HTTP/1.1" 200 4821
::1 - - [02/May/2016:17:05:27 +0200] "GET /index.php?img=gifLogo HTTP/1.1" 200 4549
::1 - - [02/May/2016:17:05:27 +0200] "GET /index.php?img=pngWrench HTTP/1.1" 200 741
::1 - - [02/May/2016:17:05:27 +0200] "GET /index.php?img=pngPlugin HTTP/1.1" 200 548
::1 - - [02/May/2016:17:05:27 +0200] "GET /index.php?img=pngFolderGo HTTP/1.1" 200 694
::1 - - [02/May/2016:17:05:27 +0200] "GET /index.php?img=pngFolder HTTP/1.1" 200 850
::1 - - [02/May/2016:17:05:27 +0200] "GET /index.php?img=favicon HTTP/1.1" 200 1429
::1 - - [02/May/2016:17:05:28 +0200] "GET /tests HTTP/1.1" 301 315
::1 - - [02/May/2016:17:05:28 +0200] "GET /tests/ HTTP/1.1" 200 3559
::1 - - [02/May/2016:17:05:28 +0200] "GET /icons/blank.gif HTTP/1.1" 403 301
::1 - - [02/May/2016:17:05:28 +0200] "GET /icons/back.gif HTTP/1.1" 403 300
::1 - - [02/May/2016:17:05:28 +0200] "GET /icons/unknown.gif HTTP/1.1" 403 303
::1 - - [02/May/2016:17:05:28 +0200] "GET /icons/text.gif HTTP/1.1" 403 300
::1 - - [02/May/2016:17:05:29 +0200] "GET /icons/folder.gif HTTP/1.1" 403 302
::1 - - [02/May/2016:17:07:01 +0200] "GET /tests/Accueil.php HTTP/1.1" 200 1365
::1 - - [02/May/2016:17:07:01 +0200] "GET /tests/styles/FlexGrid.css HTTP/1.1" 304 -
::1 - - [02/May/2016:17:07:15 +0200] "GET /tests/Connection2.php HTTP/1.1" 200 1183
::1 - - [02/May/2016:17:07:24 +0200] "POST /tests/Transition2.php HTTP/1.1" 200 828
::1 - - [02/May/2016:17:07:28 +0200] "GET /tests/FlexGrid.php HTTP/1.1" 200 1444
::1 - - [02/May/2016:17:07:41 +0200] "GET /phpmyadmin/ HTTP/1.1" 200 47807
::1 - - [02/May/2016:17:07:43 +0200] "GET /phpmyadmin/js/get_scripts.js.php?token=7f56148839aff14e2c2849e0cef9303e&scripts[]=jquery/jquery-1.8.3.min.js&scripts[]=ajax.js&scripts[]=keyhandler.js&scripts[]=jquery/jquery-ui-1.9.2.custom.min.js&scripts[]=jquery/jquery.sprintf.js&scripts[]=jquery/jquery.cookie.js&scripts[]=jquery/jquery.mousewheel.js&scripts[]=jquery/jquery.event.drag-2.2.js&scripts[]=jquery/jquery-ui-timepicker-addon.js&scripts[]=jquery/jquery.ba-hashchange-1.3.js&scripts[]=jquery/jquery.debounce-1.0.5.js&scripts[]=jquery/jquery.menuResizer-1.0.js&scripts[]=cross_framing_protection.js&scripts[]=rte.js&scripts[]=tracekit/tracekit.js&scripts[]=error_report.js&scripts[]=doclinks.js&scripts[]=functions.js&scripts[]=navigation.js&scripts[]=indexes.js&scripts[]=common.js&scripts[]=codemirror/lib/codemirror.js&scripts[]=codemirror/mode/sql/sql.js&scripts[]=codemirror/addon/runmode/runmode.js HTTP/1.1" 200 1039434
::1 - - [02/May/2016:17:07:43 +0200] "GET /phpmyadmin/phpmyadmin.css.php?server=1&token=7f56148839aff14e2c2849e0cef9303e&nocache=5721744021ltr HTTP/1.1" 200 93053
::1 - - [02/May/2016:17:07:43 +0200] "GET /phpmyadmin/js/messages.php?lang=fr&db=&token=7f56148839aff14e2c2849e0cef9303e HTTP/1.1" 200 19869
::1 - - [02/May/2016:17:07:43 +0200] "GET /phpmyadmin/js/get_image.js.php?theme=pmahomme HTTP/1.1" 200 6388
::1 - - [02/May/2016:17:07:44 +0200] "GET /phpmyadmin/version_check.php?&_nocache=1462201664937166964 HTTP/1.1" 200 39
::1 - - [02/May/2016:17:07:48 +0200] "GET /phpmyadmin/db_structure.php?server=1&db=testi&token=7f56148839aff14e2c2849e0cef9303e&ajax_request=true&ajax_page_request=true&menuHashes=685c8dfa&_nocache=146220166812593148 HTTP/1.1" 200 12936
::1 - - [02/May/2016:17:07:48 +0200] "GET /phpmyadmin/js/get_scripts.js.php?scripts[]=db_structure.js&scripts[]=tbl_change.js&token=7f56148839aff14e2c2849e0cef9303e&call_done=1 HTTP/1.1" 200 36139
::1 - - [02/May/2016:17:07:48 +0200] "GET /phpmyadmin/navigation.php?ajax_request=1&token=7f56148839aff14e2c2849e0cef9303e&aPath=cm9vdA%3D%3D.dGVzdGk%3D&vPath=cm9vdA%3D%3D.dGVzdGk%3D&pos=0&pos2_name=&pos2_value=&searchClause=&searchClause2=&_nocache=1462201668727110714 HTTP/1.1" 200 1440
::1 - - [02/May/2016:17:07:53 +0200] "GET /phpmyadmin/sql.php?server=1&db=testi&table=comptes&pos=0&token=7f56148839aff14e2c2849e0cef9303e&ajax_request=true&ajax_page_request=true&menuHashes=685c8dfa-58ba2c7a&_nocache=1462201673068126059 HTTP/1.1" 200 20063
::1 - - [02/May/2016:17:07:53 +0200] "GET /phpmyadmin/js/get_scripts.js.php?scripts[]=gis_data_editor.js&scripts[]=makegrid.js&scripts[]=sql.js&token=7f56148839aff14e2c2849e0cef9303e&call_done=1 HTTP/1.1" 200 114506
::1 - - [02/May/2016:17:07:53 +0200] "GET /phpmyadmin/index.php?ajax_request=1&recent_table=1&token=7f56148839aff14e2c2849e0cef9303e HTTP/1.1" 200 215
::1 - - [02/May/2016:17:14:13 +0200] "GET /phpmyadmin/tbl_structure.php?db=testi&table=comptes&token=7f56148839aff14e2c2849e0cef9303e&ajax_request=true&ajax_page_request=true&menuHashes=685c8dfa-58ba2c7a-e959fd34&_nocache=1462202053102813577 HTTP/1.1" 200 38655
::1 - - [02/May/2016:17:14:13 +0200] "GET /phpmyadmin/js/get_scripts.js.php?scripts[]=tbl_structure.js&token=7f56148839aff14e2c2849e0cef9303e&call_done=1 HTTP/1.1" 200 21559
::1 - - [02/May/2016:17:14:13 +0200] "GET /phpmyadmin/index.php?ajax_request=1&recent_table=1&token=7f56148839aff14e2c2849e0cef9303e HTTP/1.1" 200 215
::1 - - [02/May/2016:17:14:19 +0200] "GET /phpmyadmin/sql.php?db=testi&table=comptes&token=7f56148839aff14e2c2849e0cef9303e&pos=0&ajax_request=true&ajax_page_request=true&menuHashes=685c8dfa-58ba2c7a-e959fd34-768c86b2&_nocache=1462202059169586516 HTTP/1.1" 200 16584
::1 - - [02/May/2016:17:14:19 +0200] "GET /phpmyadmin/index.php?ajax_request=1&recent_table=1&token=7f56148839aff14e2c2849e0cef9303e HTTP/1.1" 200 215
::1 - - [02/May/2016:17:14:30 +0200] "POST /phpmyadmin/tbl_row_action.php HTTP/1.1" 200 27443
::1 - - [02/May/2016:17:14:31 +0200] "GET /phpmyadmin/js/get_scripts.js.php?token=7f56148839aff14e2c2849e0cef9303e&scripts[]=jquery/jquery-1.8.3.min.js&scripts[]=ajax.js&scripts[]=keyhandler.js&scripts[]=jquery/jquery-ui-1.9.2.custom.min.js&scripts[]=jquery/jquery.sprintf.js&scripts[]=jquery/jquery.cookie.js&scripts[]=jquery/jquery.mousewheel.js&scripts[]=jquery/jquery.event.drag-2.2.js&scripts[]=jquery/jquery-ui-timepicker-addon.js&scripts[]=jquery/jquery.ba-hashchange-1.3.js&scripts[]=jquery/jquery.debounce-1.0.5.js&scripts[]=jquery/jquery.menuResizer-1.0.js&scripts[]=cross_framing_protection.js&scripts[]=rte.js&scripts[]=tracekit/tracekit.js&scripts[]=error_report.js&scripts[]=doclinks.js&scripts[]=functions.js&scripts[]=navigation.js&scripts[]=indexes.js&scripts[]=common.js&scripts[]=makegrid.js&scripts[]=sql.js&scripts[]=codemirror/lib/codemirror.js&scripts[]=codemirror/mode/sql/sql.js&scripts[]=codemirror/addon/runmode/runmode.js HTTP/1.1" 200 1139720
::1 - - [02/May/2016:17:14:31 +0200] "GET /phpmyadmin/js/messages.php?lang=fr&db=testi&token=7f56148839aff14e2c2849e0cef9303e HTTP/1.1" 200 19869
::1 - - [02/May/2016:17:14:32 +0200] "GET /phpmyadmin/index.php?ajax_request=1&recent_table=1&token=7f56148839aff14e2c2849e0cef9303e HTTP/1.1" 200 215
::1 - - [02/May/2016:17:14:32 +0200] "GET /phpmyadmin/navigation.php?ajax_request=1&token=7f56148839aff14e2c2849e0cef9303e&aPath=cm9vdA%3D%3D.dGVzdGk%3D&vPath=cm9vdA%3D%3D.dGVzdGk%3D&pos=0&pos2_name=&pos2_value=&searchClause=&searchClause2=&_nocache=1462202072106885798 HTTP/1.1" 200 1440
::1 - - [02/May/2016:17:14:35 +0200] "GET /phpmyadmin/db_operations.php?server=1&db=testi&token=7f56148839aff14e2c2849e0cef9303e&ajax_request=true&ajax_page_request=true&_nocache=1462202075093970628 HTTP/1.1" 200 37586
::1 - - [02/May/2016:17:14:35 +0200] "GET /phpmyadmin/js/get_scripts.js.php?scripts[]=db_operations.js&token=7f56148839aff14e2c2849e0cef9303e&call_done=1 HTTP/1.1" 200 4334
::1 - - [02/May/2016:17:14:40 +0200] "GET /phpmyadmin/themes/pmahomme/jquery/images/ui-bg_glass_75_e6e6e6_1x400.png HTTP/1.1" 200 110
::1 - - [02/May/2016:17:14:40 +0200] "GET /phpmyadmin/themes/pmahomme/jquery/images/ui-bg_flat_75_ffffff_40x100.png HTTP/1.1" 200 178
::1 - - [02/May/2016:17:14:40 +0200] "GET /phpmyadmin/themes/pmahomme/jquery/images/ui-bg_highlight-soft_75_cccccc_1x100.png HTTP/1.1" 200 101
::1 - - [02/May/2016:17:14:40 +0200] "GET /phpmyadmin/themes/pmahomme/jquery/images/ui-icons_222222_256x240.png HTTP/1.1" 200 4369
::1 - - [02/May/2016:17:14:40 +0200] "GET /phpmyadmin/themes/pmahomme/jquery/images/ui-bg_flat_0_aaaaaa_40x100.png HTTP/1.1" 200 180
::1 - - [02/May/2016:17:14:40 +0200] "GET /phpmyadmin/themes/pmahomme/jquery/images/ui-bg_glass_75_dadada_1x400.png HTTP/1.1" 200 159
::1 - - [02/May/2016:17:14:42 +0200] "GET /phpmyadmin/themes/pmahomme/jquery/images/ui-bg_glass_65_ffffff_1x400.png HTTP/1.1" 200 105
::1 - - [02/May/2016:17:14:43 +0200] "GET /phpmyadmin/sql.php?sql_query=DROP+DATABASE+%60testi%60&back=db_operations.php&goto=index.php&reload=1&purge=1&message_to_show=La+base+de+donn%C3%A9es+%60testi%60+a+%C3%A9t%C3%A9+effac%C3%A9e.&token=7f56148839aff14e2c2849e0cef9303e&is_js_confirmed=1&ajax_request=true&_nocache=1462202083014360830 HTTP/1.1" 200 1312
::1 - - [02/May/2016:17:14:43 +0200] "POST /phpmyadmin/navigation.php?ajax_request=1&token=7f56148839aff14e2c2849e0cef9303e HTTP/1.1" 200 3626
::1 - - [02/May/2016:17:14:43 +0200] "GET /phpmyadmin/server_databases.php?token=7f56148839aff14e2c2849e0cef9303e&server=1&db=&table=&ajax_request=true&ajax_page_request=true&menuHashes=a9ad2f51&_nocache=1462202083719216034 HTTP/1.1" 200 39292
::1 - - [02/May/2016:17:14:44 +0200] "GET /phpmyadmin/js/get_scripts.js.php?scripts[]=server_databases.js&token=7f56148839aff14e2c2849e0cef9303e&call_done=1 HTTP/1.1" 200 4719
::1 - - [02/May/2016:17:14:45 +0200] "GET /phpmyadmin/db_structure.php?server=1&db=test&token=7f56148839aff14e2c2849e0cef9303e&ajax_request=true&ajax_page_request=true&menuHashes=a9ad2f51-25f813ca&_nocache=1462202085154425299 HTTP/1.1" 200 5832
::1 - - [02/May/2016:17:14:45 +0200] "GET /phpmyadmin/navigation.php?ajax_request=1&token=7f56148839aff14e2c2849e0cef9303e&aPath=cm9vdA%3D%3D.dGVzdA%3D%3D&vPath=cm9vdA%3D%3D.dGVzdA%3D%3D&pos=0&pos2_name=&pos2_value=&searchClause=&searchClause2=&_nocache=146220208548195216 HTTP/1.1" 200 97
::1 - - [02/May/2016:17:14:48 +0200] "GET /phpmyadmin/db_structure.php?server=1&db=test&token=7f56148839aff14e2c2849e0cef9303e&ajax_request=true&ajax_page_request=true&menuHashes=a9ad2f51-25f813ca-3485c5e7&_nocache=1462202088298793514 HTTP/1.1" 200 2566
::1 - - [02/May/2016:17:14:54 +0200] "GET /phpmyadmin/server_databases.php?server=1&token=7f56148839aff14e2c2849e0cef9303e&ajax_request=true&ajax_page_request=true&menuHashes=a9ad2f51-25f813ca-3485c5e7&_nocache=1462202094153245405 HTTP/1.1" 200 36343
::1 - - [02/May/2016:17:15:14 +0200] "POST /phpmyadmin/db_create.php HTTP/1.1" 200 2330
::1 - - [02/May/2016:17:15:15 +0200] "POST /phpmyadmin/navigation.php?ajax_request=1&token=7f56148839aff14e2c2849e0cef9303e HTTP/1.1" 200 4428
::1 - - [02/May/2016:17:15:17 +0200] "GET /phpmyadmin/db_structure.php?server=1&db=base_de_donnee&token=7f56148839aff14e2c2849e0cef9303e&ajax_request=true&ajax_page_request=true&menuHashes=a9ad2f51-25f813ca-3485c5e7&_nocache=1462202117811945645 HTTP/1.1" 200 6022
::1 - - [02/May/2016:17:15:18 +0200] "GET /phpmyadmin/navigation.php?ajax_request=1&token=7f56148839aff14e2c2849e0cef9303e&aPath=cm9vdA%3D%3D.YmFzZV9kZV9kb25uZWU%3D&vPath=cm9vdA%3D%3D.YmFzZV9kZV9kb25uZWU%3D&pos=0&pos2_name=&pos2_value=&searchClause=&searchClause2=&_nocache=1462202118142736585 HTTP/1.1" 200 97
::1 - - [02/May/2016:17:15:53 +0200] "GET /tests/Formulaire.php HTTP/1.1" 200 4885
::1 - - [02/May/2016:17:16:41 +0200] "POST /phpmyadmin/tbl_create.php HTTP/1.1" 200 404211
::1 - - [02/May/2016:17:16:42 +0200] "GET /phpmyadmin/index.php?ajax_request=1&recent_table=1&token=7f56148839aff14e2c2849e0cef9303e HTTP/1.1" 200 367
::1 - - [02/May/2016:17:16:42 +0200] "GET /phpmyadmin/navigation.php?ajax_request=1&token=7f56148839aff14e2c2849e0cef9303e&aPath=cm9vdA%3D%3D.YmFzZV9kZV9kb25uZWU%3D&vPath=cm9vdA%3D%3D.YmFzZV9kZV9kb25uZWU%3D&pos=0&pos2_name=&pos2_value=&searchClause=&searchClause2=&_nocache=1462202202383703967 HTTP/1.1" 200 97
::1 - - [02/May/2016:17:17:37 +0200] "POST /phpmyadmin/tbl_create.php HTTP/1.1" 200 436132
::1 - - [02/May/2016:17:22:41 +0200] "POST /phpmyadmin/tbl_create.php HTTP/1.1" 200 176
::1 - - [02/May/2016:17:22:42 +0200] "GET /phpmyadmin/db_structure.php?token=7f56148839aff14e2c2849e0cef9303e&server=1&db=base_de_donnee&table=base_formulaire&ajax_request=true&ajax_page_request=true&menuHashes=a9ad2f51-25f813ca-3485c5e7-f7039ee9-c2d3aaf8&_nocache=1462202562179583746 HTTP/1.1" 200 10180
::1 - - [02/May/2016:17:22:42 +0200] "POST /phpmyadmin/navigation.php?ajax_request=1&token=7f56148839aff14e2c2849e0cef9303e HTTP/1.1" 200 4428
::1 - - [02/May/2016:17:22:42 +0200] "GET /phpmyadmin/index.php?ajax_request=1&recent_table=1&token=7f56148839aff14e2c2849e0cef9303e HTTP/1.1" 200 367
::1 - - [02/May/2016:17:22:42 +0200] "GET /phpmyadmin/navigation.php?ajax_request=1&token=7f56148839aff14e2c2849e0cef9303e&aPath=cm9vdA%3D%3D.YmFzZV9kZV9kb25uZWU%3D&vPath=cm9vdA%3D%3D.YmFzZV9kZV9kb25uZWU%3D&pos=0&pos2_name=&pos2_value=&searchClause=&searchClause2=&_nocache=1462202562886622540 HTTP/1.1" 200 1540
::1 - - [02/May/2016:17:22:42 +0200] "GET /phpmyadmin/navigation.php?ajax_request=1&token=7f56148839aff14e2c2849e0cef9303e&aPath=cm9vdA%3D%3D.YmFzZV9kZV9kb25uZWU%3D&vPath=cm9vdA%3D%3D.YmFzZV9kZV9kb25uZWU%3D&pos=0&pos2_name=&pos2_value=&searchClause=&searchClause2=&_nocache=1462202562967399426 HTTP/1.1" 200 1540
::1 - - [02/May/2016:17:22:45 +0200] "GET /phpmyadmin/sql.php?server=1&db=base_de_donnee&table=base_formulaire&pos=0&token=7f56148839aff14e2c2849e0cef9303e&ajax_request=true&ajax_page_request=true&menuHashes=a9ad2f51-25f813ca-3485c5e7-f7039ee9-c2d3aaf8&_nocache=1462202565341577363 HTTP/1.1" 200 10142
::1 - - [02/May/2016:17:22:45 +0200] "GET /phpmyadmin/js/get_scripts.js.php?scripts[]=gis_data_editor.js&token=7f56148839aff14e2c2849e0cef9303e&call_done=1 HTTP/1.1" 200 14220
::1 - - [02/May/2016:17:22:45 +0200] "GET /phpmyadmin/index.php?ajax_request=1&recent_table=1&token=7f56148839aff14e2c2849e0cef9303e HTTP/1.1" 200 367
::1 - - [02/May/2016:17:22:50 +0200] "GET /phpmyadmin/tbl_structure.php?db=base_de_donnee&table=base_formulaire&token=7f56148839aff14e2c2849e0cef9303e&ajax_request=true&ajax_page_request=true&menuHashes=a9ad2f51-25f813ca-3485c5e7-f7039ee9-c2d3aaf8-3789671c&_nocache=1462202570589822103 HTTP/1.1" 200 61782
::1 - - [02/May/2016:17:22:51 +0200] "GET /phpmyadmin/index.php?ajax_request=1&recent_table=1&token=7f56148839aff14e2c2849e0cef9303e HTTP/1.1" 200 367
::1 - - [02/May/2016:17:31:26 +0200] "POST /phpmyadmin/tbl_addfield.php HTTP/1.1" 200 41090
::1 - - [02/May/2016:17:31:27 +0200] "GET /phpmyadmin/index.php?ajax_request=1&recent_table=1&token=7f56148839aff14e2c2849e0cef9303e HTTP/1.1" 200 367
::1 - - [02/May/2016:17:31:38 +0200] "POST /phpmyadmin/tbl_addfield.php HTTP/1.1" 200 1602
::1 - - [02/May/2016:17:31:39 +0200] "POST /phpmyadmin/tbl_row_action.php HTTP/1.1" 200 166
::1 - - [02/May/2016:17:31:39 +0200] "POST /phpmyadmin/navigation.php?ajax_request=1&token=7f56148839aff14e2c2849e0cef9303e HTTP/1.1" 200 5972
::1 - - [02/May/2016:17:31:41 +0200] "GET /phpmyadmin/sql.php?db=base_de_donnee&table=base_formulaire&token=7f56148839aff14e2c2849e0cef9303e&pos=0&ajax_request=true&ajax_page_request=true&menuHashes=a9ad2f51-25f813ca-3485c5e7-f7039ee9-c2d3aaf8-3789671c-e6dc210c&_nocache=1462203101296721171 HTTP/1.1" 200 6433
::1 - - [02/May/2016:17:31:41 +0200] "GET /phpmyadmin/index.php?ajax_request=1&recent_table=1&token=7f56148839aff14e2c2849e0cef9303e HTTP/1.1" 200 367
::1 - - [02/May/2016:17:31:44 +0200] "GET /phpmyadmin/tbl_structure.php?db=base_de_donnee&table=base_formulaire&token=7f56148839aff14e2c2849e0cef9303e&ajax_request=true&ajax_page_request=true&menuHashes=a9ad2f51-25f813ca-3485c5e7-f7039ee9-c2d3aaf8-3789671c-e6dc210c&_nocache=1462203103988713641 HTTP/1.1" 200 62508
::1 - - [02/May/2016:17:31:44 +0200] "GET /phpmyadmin/index.php?ajax_request=1&recent_table=1&token=7f56148839aff14e2c2849e0cef9303e HTTP/1.1" 200 367
::1 - - [02/May/2016:17:39:24 +0200] "GET /tests/Formulaire.php HTTP/1.1" 200 4885
::1 - - [02/May/2016:17:39:24 +0200] "GET /tests/styles/FlexGrid.css HTTP/1.1" 304 -
::1 - - [02/May/2016:17:39:25 +0200] "GET /favicon.ico HTTP/1.1" 200 202575
::1 - - [02/May/2016:17:39:59 +0200] "POST /tests/Connection.php HTTP/1.1" 200 394
::1 - - [02/May/2016:17:42:20 +0200] "POST /tests/Connection.php HTTP/1.1" 200 394
::1 - - [02/May/2016:17:42:20 +0200] "GET /favicon.ico HTTP/1.1" 200 202575
::1 - - [02/May/2016:17:42:28 +0200] "POST /tests/Connection.php HTTP/1.1" 200 394
::1 - - [02/May/2016:17:42:58 +0200] "POST /tests/Connection.php HTTP/1.1" 200 394
::1 - - [02/May/2016:17:42:58 +0200] "GET /favicon.ico HTTP/1.1" 200 202575
::1 - - [02/May/2016:17:43:06 +0200] "POST /tests/Connection.php HTTP/1.1" 200 394
::1 - - [02/May/2016:17:51:12 +0200] "POST /tests/Connection.php HTTP/1.1" 200 1768
::1 - - [02/May/2016:17:51:59 +0200] "POST /tests/Connection.php HTTP/1.1" 200 1291
::1 - - [02/May/2016:17:51:59 +0200] "GET /tests/styles/FlexGrid.css HTTP/1.1" 304 -
::1 - - [02/May/2016:17:51:59 +0200] "GET /favicon.ico HTTP/1.1" 200 202575
::1 - - [02/May/2016:17:52:04 +0200] "GET /phpmyadmin/sql.php?db=base_de_donnee&table=base_formulaire&token=7f56148839aff14e2c2849e0cef9303e&pos=0&ajax_request=true&ajax_page_request=true&menuHashes=a9ad2f51-25f813ca-3485c5e7-f7039ee9-c2d3aaf8-3789671c-e6dc210c&_nocache=1462204324902258963 HTTP/1.1" 200 18253
::1 - - [02/May/2016:17:52:05 +0200] "GET /phpmyadmin/index.php?ajax_request=1&recent_table=1&token=7f56148839aff14e2c2849e0cef9303e HTTP/1.1" 200 367
::1 - - [02/May/2016:17:52:23 +0200] "GET /phpmyadmin/tbl_structure.php?db=base_de_donnee&table=base_formulaire&token=7f56148839aff14e2c2849e0cef9303e&ajax_request=true&ajax_page_request=true&menuHashes=a9ad2f51-25f813ca-3485c5e7-f7039ee9-c2d3aaf8-3789671c-e6dc210c&_nocache=1462204343837500026 HTTP/1.1" 200 62508
::1 - - [02/May/2016:17:52:24 +0200] "GET /phpmyadmin/index.php?ajax_request=1&recent_table=1&token=7f56148839aff14e2c2849e0cef9303e HTTP/1.1" 200 367
::1 - - [02/May/2016:17:52:27 +0200] "GET /phpmyadmin/tbl_structure.php?db=base_de_donnee&table=base_formulaire&token=7f56148839aff14e2c2849e0cef9303e&goto=tbl_structure.php&back=tbl_structure.php&field=age&change_column=1&ajax_request=true&_nocache=1462204347792875693 HTTP/1.1" 200 40328
::1 - - [02/May/2016:17:52:33 +0200] "POST /phpmyadmin/tbl_structure.php HTTP/1.1" 200 62673
::1 - - [02/May/2016:17:52:34 +0200] "POST /phpmyadmin/tbl_structure.php HTTP/1.1" 200 61116
::1 - - [02/May/2016:17:52:34 +0200] "POST /phpmyadmin/navigation.php?ajax_request=1&token=7f56148839aff14e2c2849e0cef9303e HTTP/1.1" 200 5972
::1 - - [02/May/2016:17:52:37 +0200] "GET /phpmyadmin/sql.php?db=base_de_donnee&table=base_formulaire&token=7f56148839aff14e2c2849e0cef9303e&pos=0&ajax_request=true&ajax_page_request=true&menuHashes=a9ad2f51-25f813ca-3485c5e7-f7039ee9-c2d3aaf8-3789671c-e6dc210c&_nocache=1462204357708820635 HTTP/1.1" 200 18243
::1 - - [02/May/2016:17:52:38 +0200] "GET /phpmyadmin/index.php?ajax_request=1&recent_table=1&token=7f56148839aff14e2c2849e0cef9303e HTTP/1.1" 200 367
::1 - - [02/May/2016:17:52:50 +0200] "GET /phpmyadmin/tbl_structure.php?db=base_de_donnee&table=base_formulaire&token=7f56148839aff14e2c2849e0cef9303e&ajax_request=true&ajax_page_request=true&menuHashes=a9ad2f51-25f813ca-3485c5e7-f7039ee9-c2d3aaf8-3789671c-e6dc210c&_nocache=146220437011621429 HTTP/1.1" 200 62919
::1 - - [02/May/2016:17:52:50 +0200] "GET /phpmyadmin/index.php?ajax_request=1&recent_table=1&token=7f56148839aff14e2c2849e0cef9303e HTTP/1.1" 200 367
::1 - - [02/May/2016:17:53:00 +0200] "GET /phpmyadmin/tbl_structure.php?db=base_de_donnee&table=base_formulaire&token=7f56148839aff14e2c2849e0cef9303e&goto=tbl_structure.php&back=tbl_structure.php&field=connaissance&change_column=1&ajax_request=true&_nocache=1462204380022862705 HTTP/1.1" 200 40355
::1 - - [02/May/2016:17:53:03 +0200] "POST /phpmyadmin/tbl_structure.php HTTP/1.1" 200 63186
::1 - - [02/May/2016:17:53:04 +0200] "POST /phpmyadmin/tbl_structure.php HTTP/1.1" 200 61544
::1 - - [02/May/2016:17:53:04 +0200] "POST /phpmyadmin/navigation.php?ajax_request=1&token=7f56148839aff14e2c2849e0cef9303e HTTP/1.1" 200 5972
::1 - - [02/May/2016:17:53:05 +0200] "GET /phpmyadmin/sql.php?db=base_de_donnee&table=base_formulaire&token=7f56148839aff14e2c2849e0cef9303e&pos=0&ajax_request=true&ajax_page_request=true&menuHashes=a9ad2f51-25f813ca-3485c5e7-f7039ee9-c2d3aaf8-3789671c-e6dc210c&_nocache=146220438521526231 HTTP/1.1" 200 18233
::1 - - [02/May/2016:17:53:05 +0200] "GET /phpmyadmin/index.php?ajax_request=1&recent_table=1&token=7f56148839aff14e2c2849e0cef9303e HTTP/1.1" 200 367
::1 - - [02/May/2016:17:53:10 +0200] "GET /phpmyadmin/sql.php?db=base_de_donnee&table=base_formulaire&sql_query=DELETE+FROM+%60base_de_donnee%60.%60base_formulaire%60+WHERE+%60base_formulaire%60.%60ID%60+%3D+1&message_to_show=La+ligne+a+%C3%A9t%C3%A9+effac%C3%A9e&goto=sql.php%3Fdb%3Dbase_de_donnee%26table%3Dbase_formulaire%26sql_query%3DSELECT%2B%252A%2BFROM%2B%2560base_formulaire%2560%26message_to_show%3DLa%2Bligne%2Ba%2B%25C3%25A9t%25C3%25A9%2Beffac%25C3%25A9e%26goto%3Dtbl_sql.php%26token%3D7f56148839aff14e2c2849e0cef9303e&token=7f56148839aff14e2c2849e0cef9303e&ajax_request=true&is_js_confirmed=true&_nocache=14622043906173888 HTTP/1.1" 200 1781
::1 - - [02/May/2016:17:53:11 +0200] "GET /phpmyadmin/tbl_structure.php?db=base_de_donnee&table=base_formulaire&token=7f56148839aff14e2c2849e0cef9303e&ajax_request=true&ajax_page_request=true&menuHashes=a9ad2f51-25f813ca-3485c5e7-f7039ee9-c2d3aaf8-3789671c-e6dc210c&_nocache=1462204391628299437 HTTP/1.1" 200 63347
::1 - - [02/May/2016:17:53:12 +0200] "GET /phpmyadmin/index.php?ajax_request=1&recent_table=1&token=7f56148839aff14e2c2849e0cef9303e HTTP/1.1" 200 367
::1 - - [02/May/2016:17:53:39 +0200] "POST /tests/Connection.php HTTP/1.1" 200 1291
::1 - - [02/May/2016:17:53:48 +0200] "GET /phpmyadmin/sql.php?db=base_de_donnee&table=base_formulaire&token=7f56148839aff14e2c2849e0cef9303e&pos=0&ajax_request=true&ajax_page_request=true&menuHashes=a9ad2f51-25f813ca-3485c5e7-f7039ee9-c2d3aaf8-3789671c-e6dc210c&_nocache=1462204428733602842 HTTP/1.1" 200 18250
::1 - - [02/May/2016:17:53:49 +0200] "GET /phpmyadmin/index.php?ajax_request=1&recent_table=1&token=7f56148839aff14e2c2849e0cef9303e HTTP/1.1" 200 367
::1 - - [02/May/2016:17:56:50 +0200] "GET /phpmyadmin/sql.php?db=base_de_donnee&table=base_formulaire&sql_query=DELETE+FROM+%60base_de_donnee%60.%60base_formulaire%60+WHERE+%60base_formulaire%60.%60ID%60+%3D+2&message_to_show=La+ligne+a+%C3%A9t%C3%A9+effac%C3%A9e&goto=sql.php%3Fdb%3Dbase_de_donnee%26table%3Dbase_formulaire%26sql_query%3DSELECT%2B%252A%2BFROM%2B%2560base_formulaire%2560%26message_to_show%3DLa%2Bligne%2Ba%2B%25C3%25A9t%25C3%25A9%2Beffac%25C3%25A9e%26goto%3Dtbl_sql.php%26token%3D7f56148839aff14e2c2849e0cef9303e&token=7f56148839aff14e2c2849e0cef9303e&ajax_request=true&is_js_confirmed=true&_nocache=1462204610589695636 HTTP/1.1" 200 1781
::1 - - [02/May/2016:17:57:03 +0200] "GET /tests/Accueil.php HTTP/1.1" 200 1365
::1 - - [02/May/2016:17:57:04 +0200] "GET /tests/Formulaire.php HTTP/1.1" 200 4857
::1 - - [02/May/2016:17:58:03 +0200] "POST /tests/Connection.php HTTP/1.1" 200 1296
::1 - - [02/May/2016:17:58:14 +0200] "GET /phpmyadmin/tbl_structure.php?db=base_de_donnee&table=base_formulaire&token=7f56148839aff14e2c2849e0cef9303e&ajax_request=true&ajax_page_request=true&menuHashes=a9ad2f51-25f813ca-3485c5e7-f7039ee9-c2d3aaf8-3789671c-e6dc210c&_nocache=1462204694074425664 HTTP/1.1" 200 63347
::1 - - [02/May/2016:17:58:14 +0200] "GET /phpmyadmin/index.php?ajax_request=1&recent_table=1&token=7f56148839aff14e2c2849e0cef9303e HTTP/1.1" 200 367
::1 - - [02/May/2016:17:58:16 +0200] "GET /phpmyadmin/sql.php?db=base_de_donnee&table=base_formulaire&token=7f56148839aff14e2c2849e0cef9303e&pos=0&ajax_request=true&ajax_page_request=true&menuHashes=a9ad2f51-25f813ca-3485c5e7-f7039ee9-c2d3aaf8-3789671c-e6dc210c&_nocache=1462204696009802564 HTTP/1.1" 200 18267
::1 - - [02/May/2016:17:58:16 +0200] "GET /phpmyadmin/index.php?ajax_request=1&recent_table=1&token=7f56148839aff14e2c2849e0cef9303e HTTP/1.1" 200 367
::1 - - [02/May/2016:17:58:46 +0200] "POST /tests/Transition.php HTTP/1.1" 200 820
::1 - - [02/May/2016:17:58:49 +0200] "GET /tests/Connection.php HTTP/1.1" 200 15110
::1 - - [02/May/2016:17:59:15 +0200] "GET /tests/Accueil.php HTTP/1.1" 200 1365
::1 - - [02/May/2016:17:59:16 +0200] "GET /tests/Connection2.php HTTP/1.1" 200 1183
::1 - - [02/May/2016:17:59:24 +0200] "POST /tests/Transition2.php HTTP/1.1" 200 821
::1 - - [02/May/2016:17:59:26 +0200] "GET /tests/Connection2.php HTTP/1.1" 200 1183
::1 - - [02/May/2016:17:59:48 +0200] "POST /tests/Transition2.php HTTP/1.1" 200 828
::1 - - [02/May/2016:17:59:51 +0200] "GET /tests/FlexGrid.php HTTP/1.1" 200 1444
::1 - - [02/May/2016:18:00:24 +0200] "GET /tests HTTP/1.1" 301 315
::1 - - [02/May/2016:18:00:24 +0200] "GET /tests/ HTTP/1.1" 200 3559
::1 - - [02/May/2016:18:00:24 +0200] "GET /icons/blank.gif HTTP/1.1" 403 301
::1 - - [02/May/2016:18:00:24 +0200] "GET /icons/back.gif HTTP/1.1" 403 300
::1 - - [02/May/2016:18:00:24 +0200] "GET /icons/unknown.gif HTTP/1.1" 403 303
::1 - - [02/May/2016:18:00:24 +0200] "GET /icons/text.gif HTTP/1.1" 403 300
::1 - - [02/May/2016:18:00:24 +0200] "GET /icons/folder.gif HTTP/1.1" 403 302
::1 - - [02/May/2016:18:00:27 +0200] "GET /tests/Accueil.php HTTP/1.1" 200 1365
::1 - - [02/May/2016:18:00:31 +0200] "GET /tests/Connection2.php HTTP/1.1" 200 1183
::1 - - [02/May/2016:18:00:44 +0200] "POST /tests/Transition2.php HTTP/1.1" 200 828
::1 - - [02/May/2016:18:00:46 +0200] "GET /tests/FlexGrid.php HTTP/1.1" 200 1444
